	.text
	.syntax unified
	.eabi_attribute	67, "2.09"	@ Tag_conformance
	.cpu	cortex-m0
	.eabi_attribute	6, 12	@ Tag_CPU_arch
	.eabi_attribute	7, 77	@ Tag_CPU_arch_profile
	.eabi_attribute	8, 0	@ Tag_ARM_ISA_use
	.eabi_attribute	9, 1	@ Tag_THUMB_ISA_use
	.eabi_attribute	34, 0	@ Tag_CPU_unaligned_access
	.eabi_attribute	17, 1	@ Tag_ABI_PCS_GOT_use
	.eabi_attribute	20, 2	@ Tag_ABI_FP_denormal
	.eabi_attribute	21, 0	@ Tag_ABI_FP_exceptions
	.eabi_attribute	23, 1	@ Tag_ABI_FP_number_model
	.eabi_attribute	24, 1	@ Tag_ABI_align_needed
	.eabi_attribute	25, 1	@ Tag_ABI_align_preserved
	.eabi_attribute	38, 1	@ Tag_ABI_FP_16bit_format
	.eabi_attribute	18, 4	@ Tag_ABI_PCS_wchar_t
	.eabi_attribute	26, 2	@ Tag_ABI_enum_size
	.eabi_attribute	14, 0	@ Tag_ABI_PCS_R9_use
	.file	"gpio.c"
	.section	.text.GPIO_SetMode,"ax",%progbits
	.hidden	GPIO_SetMode                    @ -- Begin function GPIO_SetMode
	.globl	GPIO_SetMode
	.p2align	1
	.type	GPIO_SetMode,%function
	.code	16                              @ @GPIO_SetMode
	.thumb_func
GPIO_SetMode:
.Lfunc_begin0:
	.file	1 "C:\\Users\\jcliu\\Downloads\\m032_cpp_cout_gpio_int_ac6\\SampleCode\\StdDriver\\CPP_IN_OUT\\KEIL" "../../../../Library/StdDriver/src/gpio.c"
	.loc	1 43 0                          @ ../../../../Library/StdDriver/src/gpio.c:43:0
	.fnstart
	.cfi_sections .debug_frame
	.cfi_startproc
@ %bb.0:
	.pad	#16
	sub	sp, #16
	.cfi_def_cfa_offset 16
	str	r0, [sp, #12]
	str	r1, [sp, #8]
	str	r2, [sp, #4]
	movs	r0, #0
.Ltmp0:
	.loc	1 46 11 prologue_end            @ ../../../../Library/StdDriver/src/gpio.c:46:11
	str	r0, [sp]
	.loc	1 46 9 is_stmt 0                @ ../../../../Library/StdDriver/src/gpio.c:46:9
	b	.LBB0_1
.LBB0_1:                                @ =>This Inner Loop Header: Depth=1
.Ltmp1:
	.loc	1 46 16                         @ ../../../../Library/StdDriver/src/gpio.c:46:16
	ldr	r0, [sp]
.Ltmp2:
	.loc	1 46 5                          @ ../../../../Library/StdDriver/src/gpio.c:46:5
	cmp	r0, #15
	bhi	.LBB0_6
	b	.LBB0_2
.LBB0_2:                                @   in Loop: Header=BB0_1 Depth=1
.Ltmp3:
	.loc	1 48 12 is_stmt 1               @ ../../../../Library/StdDriver/src/gpio.c:48:12
	ldr	r0, [sp, #8]
	.loc	1 48 31 is_stmt 0               @ ../../../../Library/StdDriver/src/gpio.c:48:31
	ldr	r1, [sp]
.Ltmp4:
	.loc	1 48 12                         @ ../../../../Library/StdDriver/src/gpio.c:48:12
	lsrs	r0, r1
	lsls	r0, r0, #31
	cmp	r0, #0
	beq	.LBB0_4
	b	.LBB0_3
.LBB0_3:                                @   in Loop: Header=BB0_1 Depth=1
.Ltmp5:
	.loc	1 50 27 is_stmt 1               @ ../../../../Library/StdDriver/src/gpio.c:50:27
	ldr	r0, [sp, #12]
	.loc	1 50 33 is_stmt 0               @ ../../../../Library/StdDriver/src/gpio.c:50:33
	ldr	r0, [r0]
	.loc	1 50 66                         @ ../../../../Library/StdDriver/src/gpio.c:50:66
	ldr	r1, [sp]
	.loc	1 50 68                         @ ../../../../Library/StdDriver/src/gpio.c:50:68
	lsls	r2, r1, #1
	movs	r1, #3
	.loc	1 50 62                         @ ../../../../Library/StdDriver/src/gpio.c:50:62
	lsls	r1, r2
	.loc	1 50 38                         @ ../../../../Library/StdDriver/src/gpio.c:50:38
	bics	r0, r1
	.loc	1 50 79                         @ ../../../../Library/StdDriver/src/gpio.c:50:79
	ldr	r1, [sp, #4]
	.loc	1 50 87                         @ ../../../../Library/StdDriver/src/gpio.c:50:87
	lsls	r1, r2
	.loc	1 50 76                         @ ../../../../Library/StdDriver/src/gpio.c:50:76
	orrs	r0, r1
	.loc	1 50 13                         @ ../../../../Library/StdDriver/src/gpio.c:50:13
	ldr	r1, [sp, #12]
	.loc	1 50 24                         @ ../../../../Library/StdDriver/src/gpio.c:50:24
	str	r0, [r1]
	.loc	1 51 9 is_stmt 1                @ ../../../../Library/StdDriver/src/gpio.c:51:9
	b	.LBB0_4
.Ltmp6:
.LBB0_4:                                @   in Loop: Header=BB0_1 Depth=1
	.loc	1 52 5                          @ ../../../../Library/StdDriver/src/gpio.c:52:5
	b	.LBB0_5
.Ltmp7:
.LBB0_5:                                @   in Loop: Header=BB0_1 Depth=1
	.loc	1 46 35                         @ ../../../../Library/StdDriver/src/gpio.c:46:35
	ldr	r0, [sp]
	adds	r0, r0, #1
	str	r0, [sp]
	.loc	1 46 5 is_stmt 0                @ ../../../../Library/StdDriver/src/gpio.c:46:5
	b	.LBB0_1
.Ltmp8:
.LBB0_6:
	.loc	1 53 1 epilogue_begin is_stmt 1 @ ../../../../Library/StdDriver/src/gpio.c:53:1
	add	sp, #16
	bx	lr
.Ltmp9:
.Lfunc_end0:
	.size	GPIO_SetMode, .Lfunc_end0-GPIO_SetMode
	.cfi_endproc
	.cantunwind
	.fnend
                                        @ -- End function
	.section	.text.GPIO_EnableInt,"ax",%progbits
	.hidden	GPIO_EnableInt                  @ -- Begin function GPIO_EnableInt
	.globl	GPIO_EnableInt
	.p2align	1
	.type	GPIO_EnableInt,%function
	.code	16                              @ @GPIO_EnableInt
	.thumb_func
GPIO_EnableInt:
.Lfunc_begin1:
	.loc	1 73 0                          @ ../../../../Library/StdDriver/src/gpio.c:73:0
	.fnstart
	.cfi_startproc
@ %bb.0:
	.pad	#12
	sub	sp, #12
	.cfi_def_cfa_offset 12
	str	r0, [sp, #8]
	str	r1, [sp, #4]
	str	r2, [sp]
	mov	r0, sp
.Ltmp10:
	.loc	1 75 25 prologue_end            @ ../../../../Library/StdDriver/src/gpio.c:75:25
	ldrb	r2, [r0, #3]
	.loc	1 75 59 is_stmt 0               @ ../../../../Library/StdDriver/src/gpio.c:75:59
	ldr	r0, [sp, #4]
	.loc	1 75 56                         @ ../../../../Library/StdDriver/src/gpio.c:75:56
	lsls	r2, r0
	.loc	1 75 5                          @ ../../../../Library/StdDriver/src/gpio.c:75:5
	ldr	r1, [sp, #8]
	.loc	1 75 19                         @ ../../../../Library/StdDriver/src/gpio.c:75:19
	ldr	r0, [r1, #24]
	orrs	r0, r2
	str	r0, [r1, #24]
	.loc	1 78 22 is_stmt 1               @ ../../../../Library/StdDriver/src/gpio.c:78:22
	ldr	r2, [sp]
	movs	r0, #255
	lsls	r0, r0, #24
	.loc	1 78 36 is_stmt 0               @ ../../../../Library/StdDriver/src/gpio.c:78:36
	bics	r2, r0
	.loc	1 78 53                         @ ../../../../Library/StdDriver/src/gpio.c:78:53
	ldr	r0, [sp, #4]
	.loc	1 78 50                         @ ../../../../Library/StdDriver/src/gpio.c:78:50
	lsls	r2, r0
	.loc	1 78 5                          @ ../../../../Library/StdDriver/src/gpio.c:78:5
	ldr	r1, [sp, #8]
	.loc	1 78 17                         @ ../../../../Library/StdDriver/src/gpio.c:78:17
	ldr	r0, [r1, #28]
	orrs	r0, r2
	str	r0, [r1, #28]
	.loc	1 79 1 epilogue_begin is_stmt 1 @ ../../../../Library/StdDriver/src/gpio.c:79:1
	add	sp, #12
	bx	lr
.Ltmp11:
.Lfunc_end1:
	.size	GPIO_EnableInt, .Lfunc_end1-GPIO_EnableInt
	.cfi_endproc
	.cantunwind
	.fnend
                                        @ -- End function
	.section	.text.GPIO_DisableInt,"ax",%progbits
	.hidden	GPIO_DisableInt                 @ -- Begin function GPIO_DisableInt
	.globl	GPIO_DisableInt
	.p2align	2
	.type	GPIO_DisableInt,%function
	.code	16                              @ @GPIO_DisableInt
	.thumb_func
GPIO_DisableInt:
.Lfunc_begin2:
	.loc	1 93 0                          @ ../../../../Library/StdDriver/src/gpio.c:93:0
	.fnstart
	.cfi_startproc
@ %bb.0:
	.pad	#8
	sub	sp, #8
	.cfi_def_cfa_offset 8
	str	r0, [sp, #4]
	str	r1, [sp]
.Ltmp12:
	.loc	1 95 31 prologue_end            @ ../../../../Library/StdDriver/src/gpio.c:95:31
	ldr	r0, [sp]
	movs	r2, #1
	.loc	1 95 28 is_stmt 0               @ ../../../../Library/StdDriver/src/gpio.c:95:28
	lsls	r2, r0
	.loc	1 95 5                          @ ../../../../Library/StdDriver/src/gpio.c:95:5
	ldr	r1, [sp, #4]
	.loc	1 95 19                         @ ../../../../Library/StdDriver/src/gpio.c:95:19
	ldr	r0, [r1, #24]
	bics	r0, r2
	str	r0, [r1, #24]
	.loc	1 98 40 is_stmt 1               @ ../../../../Library/StdDriver/src/gpio.c:98:40
	ldr	r0, [sp]
	ldr	r2, __arm_cp.2_0
	.loc	1 98 37 is_stmt 0               @ ../../../../Library/StdDriver/src/gpio.c:98:37
	lsls	r2, r0
	.loc	1 98 5                          @ ../../../../Library/StdDriver/src/gpio.c:98:5
	ldr	r1, [sp, #4]
	.loc	1 98 17                         @ ../../../../Library/StdDriver/src/gpio.c:98:17
	ldr	r0, [r1, #28]
	bics	r0, r2
	str	r0, [r1, #28]
	.loc	1 99 1 epilogue_begin is_stmt 1 @ ../../../../Library/StdDriver/src/gpio.c:99:1
	add	sp, #8
	bx	lr
.Ltmp13:
	.p2align	2
@ %bb.1:
	.loc	1 0 1 is_stmt 0                 @ ../../../../Library/StdDriver/src/gpio.c:0:1
__arm_cp.2_0:
	.long	65537                           @ 0x10001
.Lcpi_end0:
	.size	__arm_cp.2_0, .Lcpi_end0-__arm_cp.2_0
.Lfunc_end2:
	.size	GPIO_DisableInt, .Lfunc_end2-GPIO_DisableInt
	.cfi_endproc
	.cantunwind
	.fnend
                                        @ -- End function
	.file	2 "C:\\Keil_v5\\ARM\\ARMCLANG\\bin\\..\\include" "stdint.h"
	.file	3 "C:\\Users\\jcliu\\Downloads\\m032_cpp_cout_gpio_int_ac6\\SampleCode\\StdDriver\\CPP_IN_OUT\\KEIL" "../../../../Library/Device/Nuvoton/M031/Include\\gpio_reg.h"
	.section	.debug_abbrev,"",%progbits
	.byte	1                               @ Abbreviation Code
	.byte	17                              @ DW_TAG_compile_unit
	.byte	1                               @ DW_CHILDREN_yes
	.byte	37                              @ DW_AT_producer
	.byte	14                              @ DW_FORM_strp
	.byte	19                              @ DW_AT_language
	.byte	5                               @ DW_FORM_data2
	.byte	3                               @ DW_AT_name
	.byte	14                              @ DW_FORM_strp
	.byte	16                              @ DW_AT_stmt_list
	.byte	23                              @ DW_FORM_sec_offset
	.byte	27                              @ DW_AT_comp_dir
	.byte	14                              @ DW_FORM_strp
	.byte	17                              @ DW_AT_low_pc
	.byte	1                               @ DW_FORM_addr
	.byte	85                              @ DW_AT_ranges
	.byte	23                              @ DW_FORM_sec_offset
	.byte	0                               @ EOM(1)
	.byte	0                               @ EOM(2)
	.byte	2                               @ Abbreviation Code
	.byte	46                              @ DW_TAG_subprogram
	.byte	1                               @ DW_CHILDREN_yes
	.byte	17                              @ DW_AT_low_pc
	.byte	1                               @ DW_FORM_addr
	.byte	18                              @ DW_AT_high_pc
	.byte	6                               @ DW_FORM_data4
	.byte	64                              @ DW_AT_frame_base
	.byte	24                              @ DW_FORM_exprloc
	.byte	3                               @ DW_AT_name
	.byte	14                              @ DW_FORM_strp
	.byte	58                              @ DW_AT_decl_file
	.byte	11                              @ DW_FORM_data1
	.byte	59                              @ DW_AT_decl_line
	.byte	11                              @ DW_FORM_data1
	.byte	39                              @ DW_AT_prototyped
	.byte	25                              @ DW_FORM_flag_present
	.byte	63                              @ DW_AT_external
	.byte	25                              @ DW_FORM_flag_present
	.byte	0                               @ EOM(1)
	.byte	0                               @ EOM(2)
	.byte	3                               @ Abbreviation Code
	.byte	5                               @ DW_TAG_formal_parameter
	.byte	0                               @ DW_CHILDREN_no
	.byte	2                               @ DW_AT_location
	.byte	24                              @ DW_FORM_exprloc
	.byte	3                               @ DW_AT_name
	.byte	14                              @ DW_FORM_strp
	.byte	58                              @ DW_AT_decl_file
	.byte	11                              @ DW_FORM_data1
	.byte	59                              @ DW_AT_decl_line
	.byte	11                              @ DW_FORM_data1
	.byte	73                              @ DW_AT_type
	.byte	19                              @ DW_FORM_ref4
	.byte	0                               @ EOM(1)
	.byte	0                               @ EOM(2)
	.byte	4                               @ Abbreviation Code
	.byte	52                              @ DW_TAG_variable
	.byte	0                               @ DW_CHILDREN_no
	.byte	2                               @ DW_AT_location
	.byte	24                              @ DW_FORM_exprloc
	.byte	3                               @ DW_AT_name
	.byte	14                              @ DW_FORM_strp
	.byte	58                              @ DW_AT_decl_file
	.byte	11                              @ DW_FORM_data1
	.byte	59                              @ DW_AT_decl_line
	.byte	11                              @ DW_FORM_data1
	.byte	73                              @ DW_AT_type
	.byte	19                              @ DW_FORM_ref4
	.byte	0                               @ EOM(1)
	.byte	0                               @ EOM(2)
	.byte	5                               @ Abbreviation Code
	.byte	15                              @ DW_TAG_pointer_type
	.byte	0                               @ DW_CHILDREN_no
	.byte	73                              @ DW_AT_type
	.byte	19                              @ DW_FORM_ref4
	.byte	0                               @ EOM(1)
	.byte	0                               @ EOM(2)
	.byte	6                               @ Abbreviation Code
	.byte	22                              @ DW_TAG_typedef
	.byte	0                               @ DW_CHILDREN_no
	.byte	73                              @ DW_AT_type
	.byte	19                              @ DW_FORM_ref4
	.byte	3                               @ DW_AT_name
	.byte	14                              @ DW_FORM_strp
	.byte	58                              @ DW_AT_decl_file
	.byte	11                              @ DW_FORM_data1
	.byte	59                              @ DW_AT_decl_line
	.byte	11                              @ DW_FORM_data1
	.byte	0                               @ EOM(1)
	.byte	0                               @ EOM(2)
	.byte	7                               @ Abbreviation Code
	.byte	19                              @ DW_TAG_structure_type
	.byte	1                               @ DW_CHILDREN_yes
	.byte	11                              @ DW_AT_byte_size
	.byte	11                              @ DW_FORM_data1
	.byte	58                              @ DW_AT_decl_file
	.byte	11                              @ DW_FORM_data1
	.byte	59                              @ DW_AT_decl_line
	.byte	11                              @ DW_FORM_data1
	.byte	0                               @ EOM(1)
	.byte	0                               @ EOM(2)
	.byte	8                               @ Abbreviation Code
	.byte	13                              @ DW_TAG_member
	.byte	0                               @ DW_CHILDREN_no
	.byte	3                               @ DW_AT_name
	.byte	14                              @ DW_FORM_strp
	.byte	73                              @ DW_AT_type
	.byte	19                              @ DW_FORM_ref4
	.byte	58                              @ DW_AT_decl_file
	.byte	11                              @ DW_FORM_data1
	.byte	59                              @ DW_AT_decl_line
	.byte	11                              @ DW_FORM_data1
	.byte	56                              @ DW_AT_data_member_location
	.byte	11                              @ DW_FORM_data1
	.byte	0                               @ EOM(1)
	.byte	0                               @ EOM(2)
	.byte	9                               @ Abbreviation Code
	.byte	53                              @ DW_TAG_volatile_type
	.byte	0                               @ DW_CHILDREN_no
	.byte	73                              @ DW_AT_type
	.byte	19                              @ DW_FORM_ref4
	.byte	0                               @ EOM(1)
	.byte	0                               @ EOM(2)
	.byte	10                              @ Abbreviation Code
	.byte	36                              @ DW_TAG_base_type
	.byte	0                               @ DW_CHILDREN_no
	.byte	3                               @ DW_AT_name
	.byte	14                              @ DW_FORM_strp
	.byte	62                              @ DW_AT_encoding
	.byte	11                              @ DW_FORM_data1
	.byte	11                              @ DW_AT_byte_size
	.byte	11                              @ DW_FORM_data1
	.byte	0                               @ EOM(1)
	.byte	0                               @ EOM(2)
	.byte	11                              @ Abbreviation Code
	.byte	38                              @ DW_TAG_const_type
	.byte	0                               @ DW_CHILDREN_no
	.byte	73                              @ DW_AT_type
	.byte	19                              @ DW_FORM_ref4
	.byte	0                               @ EOM(1)
	.byte	0                               @ EOM(2)
	.byte	0                               @ EOM(3)
	.section	.debug_info,"",%progbits
.Lcu_begin0:
	.long	.Ldebug_info_end0-.Ldebug_info_start0 @ Length of Unit
.Ldebug_info_start0:
	.short	4                               @ DWARF version number
	.long	.debug_abbrev                   @ Offset Into Abbrev. Section
	.byte	4                               @ Address Size (in bytes)
	.byte	1                               @ Abbrev [1] 0xb:0x16d DW_TAG_compile_unit
	.long	.Linfo_string0                  @ DW_AT_producer
	.short	12                              @ DW_AT_language
	.long	.Linfo_string1                  @ DW_AT_name
	.long	.Lline_table_start0             @ DW_AT_stmt_list
	.long	.Linfo_string2                  @ DW_AT_comp_dir
	.long	0                               @ DW_AT_low_pc
	.long	.Ldebug_ranges0                 @ DW_AT_ranges
	.byte	2                               @ Abbrev [2] 0x26:0x4a DW_TAG_subprogram
	.long	.Lfunc_begin0                   @ DW_AT_low_pc
	.long	.Lfunc_end0-.Lfunc_begin0       @ DW_AT_high_pc
	.byte	1                               @ DW_AT_frame_base
	.byte	93
	.long	.Linfo_string3                  @ DW_AT_name
	.byte	1                               @ DW_AT_decl_file
	.byte	42                              @ DW_AT_decl_line
                                        @ DW_AT_prototyped
                                        @ DW_AT_external
	.byte	3                               @ Abbrev [3] 0x37:0xe DW_TAG_formal_parameter
	.byte	2                               @ DW_AT_location
	.byte	145
	.byte	12
	.long	.Linfo_string6                  @ DW_AT_name
	.byte	1                               @ DW_AT_decl_file
	.byte	42                              @ DW_AT_decl_line
	.long	218                             @ DW_AT_type
	.byte	3                               @ Abbrev [3] 0x45:0xe DW_TAG_formal_parameter
	.byte	2                               @ DW_AT_location
	.byte	145
	.byte	8
	.long	.Linfo_string19                 @ DW_AT_name
	.byte	1                               @ DW_AT_decl_file
	.byte	42                              @ DW_AT_decl_line
	.long	352                             @ DW_AT_type
	.byte	3                               @ Abbrev [3] 0x53:0xe DW_TAG_formal_parameter
	.byte	2                               @ DW_AT_location
	.byte	145
	.byte	4
	.long	.Linfo_string20                 @ DW_AT_name
	.byte	1                               @ DW_AT_decl_file
	.byte	42                              @ DW_AT_decl_line
	.long	352                             @ DW_AT_type
	.byte	4                               @ Abbrev [4] 0x61:0xe DW_TAG_variable
	.byte	2                               @ DW_AT_location
	.byte	145
	.byte	0
	.long	.Linfo_string21                 @ DW_AT_name
	.byte	1                               @ DW_AT_decl_file
	.byte	44                              @ DW_AT_decl_line
	.long	352                             @ DW_AT_type
	.byte	0                               @ End Of Children Mark
	.byte	2                               @ Abbrev [2] 0x70:0x3c DW_TAG_subprogram
	.long	.Lfunc_begin1                   @ DW_AT_low_pc
	.long	.Lfunc_end1-.Lfunc_begin1       @ DW_AT_high_pc
	.byte	1                               @ DW_AT_frame_base
	.byte	93
	.long	.Linfo_string4                  @ DW_AT_name
	.byte	1                               @ DW_AT_decl_file
	.byte	72                              @ DW_AT_decl_line
                                        @ DW_AT_prototyped
                                        @ DW_AT_external
	.byte	3                               @ Abbrev [3] 0x81:0xe DW_TAG_formal_parameter
	.byte	2                               @ DW_AT_location
	.byte	145
	.byte	8
	.long	.Linfo_string6                  @ DW_AT_name
	.byte	1                               @ DW_AT_decl_file
	.byte	72                              @ DW_AT_decl_line
	.long	218                             @ DW_AT_type
	.byte	3                               @ Abbrev [3] 0x8f:0xe DW_TAG_formal_parameter
	.byte	2                               @ DW_AT_location
	.byte	145
	.byte	4
	.long	.Linfo_string22                 @ DW_AT_name
	.byte	1                               @ DW_AT_decl_file
	.byte	72                              @ DW_AT_decl_line
	.long	352                             @ DW_AT_type
	.byte	3                               @ Abbrev [3] 0x9d:0xe DW_TAG_formal_parameter
	.byte	2                               @ DW_AT_location
	.byte	145
	.byte	0
	.long	.Linfo_string23                 @ DW_AT_name
	.byte	1                               @ DW_AT_decl_file
	.byte	72                              @ DW_AT_decl_line
	.long	352                             @ DW_AT_type
	.byte	0                               @ End Of Children Mark
	.byte	2                               @ Abbrev [2] 0xac:0x2e DW_TAG_subprogram
	.long	.Lfunc_begin2                   @ DW_AT_low_pc
	.long	.Lfunc_end2-.Lfunc_begin2       @ DW_AT_high_pc
	.byte	1                               @ DW_AT_frame_base
	.byte	93
	.long	.Linfo_string5                  @ DW_AT_name
	.byte	1                               @ DW_AT_decl_file
	.byte	92                              @ DW_AT_decl_line
                                        @ DW_AT_prototyped
                                        @ DW_AT_external
	.byte	3                               @ Abbrev [3] 0xbd:0xe DW_TAG_formal_parameter
	.byte	2                               @ DW_AT_location
	.byte	145
	.byte	4
	.long	.Linfo_string6                  @ DW_AT_name
	.byte	1                               @ DW_AT_decl_file
	.byte	92                              @ DW_AT_decl_line
	.long	218                             @ DW_AT_type
	.byte	3                               @ Abbrev [3] 0xcb:0xe DW_TAG_formal_parameter
	.byte	2                               @ DW_AT_location
	.byte	145
	.byte	0
	.long	.Linfo_string22                 @ DW_AT_name
	.byte	1                               @ DW_AT_decl_file
	.byte	92                              @ DW_AT_decl_line
	.long	352                             @ DW_AT_type
	.byte	0                               @ End Of Children Mark
	.byte	5                               @ Abbrev [5] 0xda:0x5 DW_TAG_pointer_type
	.long	223                             @ DW_AT_type
	.byte	6                               @ Abbrev [6] 0xdf:0xb DW_TAG_typedef
	.long	234                             @ DW_AT_type
	.long	.Linfo_string18                 @ DW_AT_name
	.byte	3                               @ DW_AT_decl_file
	.byte	163                             @ DW_AT_decl_line
	.byte	7                               @ Abbrev [7] 0xea:0x71 DW_TAG_structure_type
	.byte	36                              @ DW_AT_byte_size
	.byte	3                               @ DW_AT_decl_file
	.byte	26                              @ DW_AT_decl_line
	.byte	8                               @ Abbrev [8] 0xee:0xc DW_TAG_member
	.long	.Linfo_string7                  @ DW_AT_name
	.long	347                             @ DW_AT_type
	.byte	3                               @ DW_AT_decl_file
	.byte	154                             @ DW_AT_decl_line
	.byte	0                               @ DW_AT_data_member_location
	.byte	8                               @ Abbrev [8] 0xfa:0xc DW_TAG_member
	.long	.Linfo_string10                 @ DW_AT_name
	.long	347                             @ DW_AT_type
	.byte	3                               @ DW_AT_decl_file
	.byte	155                             @ DW_AT_decl_line
	.byte	4                               @ DW_AT_data_member_location
	.byte	8                               @ Abbrev [8] 0x106:0xc DW_TAG_member
	.long	.Linfo_string11                 @ DW_AT_name
	.long	347                             @ DW_AT_type
	.byte	3                               @ DW_AT_decl_file
	.byte	156                             @ DW_AT_decl_line
	.byte	8                               @ DW_AT_data_member_location
	.byte	8                               @ Abbrev [8] 0x112:0xc DW_TAG_member
	.long	.Linfo_string12                 @ DW_AT_name
	.long	347                             @ DW_AT_type
	.byte	3                               @ DW_AT_decl_file
	.byte	157                             @ DW_AT_decl_line
	.byte	12                              @ DW_AT_data_member_location
	.byte	8                               @ Abbrev [8] 0x11e:0xc DW_TAG_member
	.long	.Linfo_string13                 @ DW_AT_name
	.long	370                             @ DW_AT_type
	.byte	3                               @ DW_AT_decl_file
	.byte	158                             @ DW_AT_decl_line
	.byte	16                              @ DW_AT_data_member_location
	.byte	8                               @ Abbrev [8] 0x12a:0xc DW_TAG_member
	.long	.Linfo_string14                 @ DW_AT_name
	.long	347                             @ DW_AT_type
	.byte	3                               @ DW_AT_decl_file
	.byte	159                             @ DW_AT_decl_line
	.byte	20                              @ DW_AT_data_member_location
	.byte	8                               @ Abbrev [8] 0x136:0xc DW_TAG_member
	.long	.Linfo_string15                 @ DW_AT_name
	.long	347                             @ DW_AT_type
	.byte	3                               @ DW_AT_decl_file
	.byte	160                             @ DW_AT_decl_line
	.byte	24                              @ DW_AT_data_member_location
	.byte	8                               @ Abbrev [8] 0x142:0xc DW_TAG_member
	.long	.Linfo_string16                 @ DW_AT_name
	.long	347                             @ DW_AT_type
	.byte	3                               @ DW_AT_decl_file
	.byte	161                             @ DW_AT_decl_line
	.byte	28                              @ DW_AT_data_member_location
	.byte	8                               @ Abbrev [8] 0x14e:0xc DW_TAG_member
	.long	.Linfo_string17                 @ DW_AT_name
	.long	347                             @ DW_AT_type
	.byte	3                               @ DW_AT_decl_file
	.byte	162                             @ DW_AT_decl_line
	.byte	32                              @ DW_AT_data_member_location
	.byte	0                               @ End Of Children Mark
	.byte	9                               @ Abbrev [9] 0x15b:0x5 DW_TAG_volatile_type
	.long	352                             @ DW_AT_type
	.byte	6                               @ Abbrev [6] 0x160:0xb DW_TAG_typedef
	.long	363                             @ DW_AT_type
	.long	.Linfo_string9                  @ DW_AT_name
	.byte	2                               @ DW_AT_decl_file
	.byte	64                              @ DW_AT_decl_line
	.byte	10                              @ Abbrev [10] 0x16b:0x7 DW_TAG_base_type
	.long	.Linfo_string8                  @ DW_AT_name
	.byte	7                               @ DW_AT_encoding
	.byte	4                               @ DW_AT_byte_size
	.byte	11                              @ Abbrev [11] 0x172:0x5 DW_TAG_const_type
	.long	347                             @ DW_AT_type
	.byte	0                               @ End Of Children Mark
.Ldebug_info_end0:
	.section	.debug_ranges,"",%progbits
.Ldebug_ranges0:
	.long	.Lfunc_begin0
	.long	.Lfunc_end0
	.long	.Lfunc_begin1
	.long	.Lfunc_end1
	.long	.Lfunc_begin2
	.long	.Lfunc_end2
	.long	0
	.long	0
	.section	.debug_str,"MS",%progbits,1
.Linfo_string0:
	.asciz	"Component: Arm Compiler for Embedded 6.22 Tool: armclang [5ee92100]" @ string offset=0
.Linfo_string1:
	.asciz	"../../../../Library/StdDriver/src\\gpio.c" @ string offset=68
.Linfo_string2:
	.asciz	"C:\\Users\\jcliu\\Downloads\\m032_cpp_cout_gpio_int_ac6\\SampleCode\\StdDriver\\CPP_IN_OUT\\KEIL" @ string offset=109
.Linfo_string3:
	.asciz	"GPIO_SetMode"                  @ string offset=198
.Linfo_string4:
	.asciz	"GPIO_EnableInt"                @ string offset=211
.Linfo_string5:
	.asciz	"GPIO_DisableInt"               @ string offset=226
.Linfo_string6:
	.asciz	"port"                          @ string offset=242
.Linfo_string7:
	.asciz	"MODE"                          @ string offset=247
.Linfo_string8:
	.asciz	"unsigned int"                  @ string offset=252
.Linfo_string9:
	.asciz	"uint32_t"                      @ string offset=265
.Linfo_string10:
	.asciz	"DINOFF"                        @ string offset=274
.Linfo_string11:
	.asciz	"DOUT"                          @ string offset=281
.Linfo_string12:
	.asciz	"DATMSK"                        @ string offset=286
.Linfo_string13:
	.asciz	"PIN"                           @ string offset=293
.Linfo_string14:
	.asciz	"DBEN"                          @ string offset=297
.Linfo_string15:
	.asciz	"INTTYPE"                       @ string offset=302
.Linfo_string16:
	.asciz	"INTEN"                         @ string offset=310
.Linfo_string17:
	.asciz	"INTSRC"                        @ string offset=316
.Linfo_string18:
	.asciz	"GPIO_T"                        @ string offset=323
.Linfo_string19:
	.asciz	"u32PinMask"                    @ string offset=330
.Linfo_string20:
	.asciz	"u32Mode"                       @ string offset=341
.Linfo_string21:
	.asciz	"i"                             @ string offset=349
.Linfo_string22:
	.asciz	"u32Pin"                        @ string offset=351
.Linfo_string23:
	.asciz	"u32IntAttribs"                 @ string offset=358
	.ident	"Component: Arm Compiler for Embedded 6.22 Tool: armclang [5ee92100]"
	.section	".note.GNU-stack","",%progbits
	.eabi_attribute	30, 6	@ Tag_ABI_optimization_goals
	.ARM_attribute	16, 1	@ Tag_AV_eba
	.section	.debug_line,"",%progbits
.Lline_table_start0:
