	.text
	.syntax unified
	.eabi_attribute	67, "2.09"	@ Tag_conformance
	.cpu	cortex-m0
	.eabi_attribute	6, 12	@ Tag_CPU_arch
	.eabi_attribute	7, 77	@ Tag_CPU_arch_profile
	.eabi_attribute	8, 0	@ Tag_ARM_ISA_use
	.eabi_attribute	9, 1	@ Tag_THUMB_ISA_use
	.eabi_attribute	34, 0	@ Tag_CPU_unaligned_access
	.eabi_attribute	17, 1	@ Tag_ABI_PCS_GOT_use
	.eabi_attribute	20, 2	@ Tag_ABI_FP_denormal
	.eabi_attribute	21, 0	@ Tag_ABI_FP_exceptions
	.eabi_attribute	23, 1	@ Tag_ABI_FP_number_model
	.eabi_attribute	24, 1	@ Tag_ABI_align_needed
	.eabi_attribute	25, 1	@ Tag_ABI_align_preserved
	.eabi_attribute	38, 1	@ Tag_ABI_FP_16bit_format
	.eabi_attribute	18, 4	@ Tag_ABI_PCS_wchar_t
	.eabi_attribute	26, 2	@ Tag_ABI_enum_size
	.eabi_attribute	14, 0	@ Tag_ABI_PCS_R9_use
	.file	"system_M031Series.c"
	.file	1 "C:\\Keil_v5\\ARM\\ARMCLANG\\bin\\..\\include" "stdint.h"
	.file	2 "C:\\Users\\jcliu\\Downloads\\m032_cpp_cout_gpio_int_ac6\\SampleCode\\StdDriver\\CPP_IN_OUT\\KEIL" "../../../../Library/Device/Nuvoton/M031/Source/system_M031Series.c"
	.file	3 "C:\\Users\\jcliu\\Downloads\\m032_cpp_cout_gpio_int_ac6\\SampleCode\\StdDriver\\CPP_IN_OUT\\KEIL" "../../../../Library/Device/Nuvoton/M031/Include\\clk_reg.h"
	.file	4 "C:\\Users\\jcliu\\Downloads\\m032_cpp_cout_gpio_int_ac6\\SampleCode\\StdDriver\\CPP_IN_OUT\\KEIL" "../../../../Library/Device/Nuvoton/M031/Include\\sys_reg.h"
	.section	.text.SystemCoreClockUpdate,"ax",%progbits
	.hidden	SystemCoreClockUpdate           @ -- Begin function SystemCoreClockUpdate
	.globl	SystemCoreClockUpdate
	.p2align	2
	.type	SystemCoreClockUpdate,%function
	.code	16                              @ @SystemCoreClockUpdate
	.thumb_func
SystemCoreClockUpdate:
.Lfunc_begin0:
	.loc	2 39 0                          @ ../../../../Library/Device/Nuvoton/M031/Source/system_M031Series.c:39:0
	.fnstart
	.cfi_sections .debug_frame
	.cfi_startproc
@ %bb.0:
	.save	{r7, lr}
	push	{r7, lr}
	.cfi_def_cfa_offset 8
	.cfi_offset lr, -4
	.cfi_offset r7, -8
	.pad	#16
	sub	sp, #16
	.cfi_def_cfa_offset 24
	ldr	r0, __arm_cp.0_0
.Ltmp0:
	.loc	2 43 22 prologue_end            @ ../../../../Library/Device/Nuvoton/M031/Source/system_M031Series.c:43:22
	ldr	r0, [r0]
	movs	r1, #7
	.loc	2 43 30 is_stmt 0               @ ../../../../Library/Device/Nuvoton/M031/Source/system_M031Series.c:43:30
	ands	r0, r1
	.loc	2 43 15                         @ ../../../../Library/Device/Nuvoton/M031/Source/system_M031Series.c:43:15
	str	r0, [sp, #8]
	.loc	2 46 16 is_stmt 1               @ ../../../../Library/Device/Nuvoton/M031/Source/system_M031Series.c:46:16
	bl	CLK_GetPLLClockFreq
	.loc	2 46 14 is_stmt 0               @ ../../../../Library/Device/Nuvoton/M031/Source/system_M031Series.c:46:14
	ldr	r1, __arm_cp.0_1
	str	r0, [r1]
.Ltmp1:
	.loc	2 48 8 is_stmt 1                @ ../../../../Library/Device/Nuvoton/M031/Source/system_M031Series.c:48:8
	ldr	r0, [sp, #8]
.Ltmp2:
	.loc	2 48 8 is_stmt 0                @ ../../../../Library/Device/Nuvoton/M031/Source/system_M031Series.c:48:8
	cmp	r0, #2
	beq	.LBB0_2
	b	.LBB0_1
.LBB0_1:
.Ltmp3:
	.loc	2 51 34 is_stmt 1               @ ../../../../Library/Device/Nuvoton/M031/Source/system_M031Series.c:51:34
	ldr	r0, [sp, #8]
	.loc	2 51 19 is_stmt 0               @ ../../../../Library/Device/Nuvoton/M031/Source/system_M031Series.c:51:19
	lsls	r1, r0, #2
	ldr	r0, __arm_cp.0_2
	ldr	r0, [r0, r1]
	.loc	2 51 17                         @ ../../../../Library/Device/Nuvoton/M031/Source/system_M031Series.c:51:17
	str	r0, [sp, #12]
	.loc	2 52 5 is_stmt 1                @ ../../../../Library/Device/Nuvoton/M031/Source/system_M031Series.c:52:5
	b	.LBB0_3
.Ltmp4:
.LBB0_2:
	.loc	2 56 19                         @ ../../../../Library/Device/Nuvoton/M031/Source/system_M031Series.c:56:19
	ldr	r0, __arm_cp.0_1
	ldr	r0, [r0]
	.loc	2 56 17 is_stmt 0               @ ../../../../Library/Device/Nuvoton/M031/Source/system_M031Series.c:56:17
	str	r0, [sp, #12]
	b	.LBB0_3
.Ltmp5:
.LBB0_3:
	.loc	2 0 17                          @ ../../../../Library/Device/Nuvoton/M031/Source/system_M031Series.c:0:17
	ldr	r0, __arm_cp.0_3
	.loc	2 59 24 is_stmt 1               @ ../../../../Library/Device/Nuvoton/M031/Source/system_M031Series.c:59:24
	ldr	r0, [r0]
	movs	r1, #15
	.loc	2 59 32 is_stmt 0               @ ../../../../Library/Device/Nuvoton/M031/Source/system_M031Series.c:59:32
	ands	r0, r1
	.loc	2 59 59                         @ ../../../../Library/Device/Nuvoton/M031/Source/system_M031Series.c:59:59
	adds	r0, r0, #1
	.loc	2 59 16                         @ ../../../../Library/Device/Nuvoton/M031/Source/system_M031Series.c:59:16
	str	r0, [sp, #4]
	.loc	2 62 23 is_stmt 1               @ ../../../../Library/Device/Nuvoton/M031/Source/system_M031Series.c:62:23
	ldr	r0, [sp, #12]
	.loc	2 62 33 is_stmt 0               @ ../../../../Library/Device/Nuvoton/M031/Source/system_M031Series.c:62:33
	ldr	r1, [sp, #4]
	.loc	2 62 31                         @ ../../../../Library/Device/Nuvoton/M031/Source/system_M031Series.c:62:31
	bl	__aeabi_uidiv
	mov	r1, r0
	.loc	2 62 21                         @ ../../../../Library/Device/Nuvoton/M031/Source/system_M031Series.c:62:21
	ldr	r0, __arm_cp.0_4
	str	r1, [r0]
	.loc	2 64 20 is_stmt 1               @ ../../../../Library/Device/Nuvoton/M031/Source/system_M031Series.c:64:20
	ldr	r0, [r0]
	ldr	r1, __arm_cp.0_5
	.loc	2 64 36 is_stmt 0               @ ../../../../Library/Device/Nuvoton/M031/Source/system_M031Series.c:64:36
	adds	r0, r0, r1
	ldr	r1, __arm_cp.0_6
	.loc	2 64 46                         @ ../../../../Library/Device/Nuvoton/M031/Source/system_M031Series.c:64:46
	bl	__aeabi_uidiv
	.loc	2 64 17                         @ ../../../../Library/Device/Nuvoton/M031/Source/system_M031Series.c:64:17
	ldr	r1, __arm_cp.0_7
	str	r0, [r1]
	.loc	2 65 1 epilogue_begin is_stmt 1 @ ../../../../Library/Device/Nuvoton/M031/Source/system_M031Series.c:65:1
	add	sp, #16
	pop	{r7, pc}
.Ltmp6:
	.p2align	2
@ %bb.4:
	.loc	2 0 1 is_stmt 0                 @ ../../../../Library/Device/Nuvoton/M031/Source/system_M031Series.c:0:1
__arm_cp.0_0:
	.long	1073742352                      @ 0x40000210
.Lcpi_end0:
	.size	__arm_cp.0_0, .Lcpi_end0-__arm_cp.0_0
__arm_cp.0_1:
	.long	PllClock
.Lcpi_end1:
	.size	__arm_cp.0_1, .Lcpi_end1-__arm_cp.0_1
__arm_cp.0_2:
	.long	gau32ClkSrcTbl
.Lcpi_end2:
	.size	__arm_cp.0_2, .Lcpi_end2-__arm_cp.0_2
__arm_cp.0_3:
	.long	1073742368                      @ 0x40000220
.Lcpi_end3:
	.size	__arm_cp.0_3, .Lcpi_end3-__arm_cp.0_3
__arm_cp.0_4:
	.long	SystemCoreClock
.Lcpi_end4:
	.size	__arm_cp.0_4, .Lcpi_end4-__arm_cp.0_4
__arm_cp.0_5:
	.long	500000                          @ 0x7a120
.Lcpi_end5:
	.size	__arm_cp.0_5, .Lcpi_end5-__arm_cp.0_5
__arm_cp.0_6:
	.long	1000000                         @ 0xf4240
.Lcpi_end6:
	.size	__arm_cp.0_6, .Lcpi_end6-__arm_cp.0_6
__arm_cp.0_7:
	.long	CyclesPerUs
.Lcpi_end7:
	.size	__arm_cp.0_7, .Lcpi_end7-__arm_cp.0_7
.Lfunc_end0:
	.size	SystemCoreClockUpdate, .Lfunc_end0-SystemCoreClockUpdate
	.cfi_endproc
	.cantunwind
	.fnend
                                        @ -- End function
	.section	.text.CLK_GetPLLClockFreq,"ax",%progbits
	.p2align	2                               @ -- Begin function CLK_GetPLLClockFreq
	.type	CLK_GetPLLClockFreq,%function
	.code	16                              @ @CLK_GetPLLClockFreq
	.thumb_func
CLK_GetPLLClockFreq:
.Lfunc_begin1:
	.file	5 "C:\\Users\\jcliu\\Downloads\\m032_cpp_cout_gpio_int_ac6\\SampleCode\\StdDriver\\CPP_IN_OUT\\KEIL" "../../../../Library/StdDriver/inc\\clk.h"
	.loc	5 462 0 is_stmt 1               @ ../../../../Library/StdDriver/inc\clk.h:462:0
	.fnstart
	.cfi_startproc
@ %bb.0:
	.save	{r7, lr}
	push	{r7, lr}
	.cfi_def_cfa_offset 8
	.cfi_offset lr, -4
	.cfi_offset r7, -8
	.pad	#32
	sub	sp, #32
	.cfi_def_cfa_offset 40
	ldr	r0, __arm_cp.1_0
.Ltmp7:
	.loc	5 465 13 prologue_end           @ ../../../../Library/StdDriver/inc\clk.h:465:13
	str	r0, [sp, #8]
	movs	r0, #0
	.loc	5 468 16                        @ ../../../../Library/StdDriver/inc\clk.h:468:16
	str	r0, [sp, #28]
	ldr	r0, __arm_cp.1_1
	.loc	5 469 19                        @ ../../../../Library/StdDriver/inc\clk.h:469:19
	ldr	r0, [r0]
	.loc	5 469 12 is_stmt 0              @ ../../../../Library/StdDriver/inc\clk.h:469:12
	str	r0, [sp, #4]
	add	r0, sp, #4
	.loc	5 471 9 is_stmt 1               @ ../../../../Library/StdDriver/inc\clk.h:471:9
	ldrb	r0, [r0, #2]
	movs	r1, #5
	tst	r0, r1
	bne	.LBB1_8
	b	.LBB1_1
.LBB1_1:
	.loc	5 0 9 is_stmt 0                 @ ../../../../Library/StdDriver/inc\clk.h:0:9
	add	r0, sp, #4
.Ltmp8:
	.loc	5 474 13 is_stmt 1              @ ../../../../Library/StdDriver/inc\clk.h:474:13
	ldrb	r0, [r0, #2]
	lsls	r0, r0, #28
	cmp	r0, #0
	bpl	.LBB1_3
	b	.LBB1_2
.LBB1_2:
	.loc	5 0 13 is_stmt 0                @ ../../../../Library/StdDriver/inc\clk.h:0:13
	ldr	r0, __arm_cp.1_3
.Ltmp9:
	.loc	5 476 20 is_stmt 1              @ ../../../../Library/StdDriver/inc\clk.h:476:20
	str	r0, [sp, #24]
	.loc	5 477 9                         @ ../../../../Library/StdDriver/inc\clk.h:477:9
	b	.LBB1_4
.Ltmp10:
.LBB1_3:
	.loc	5 0 9 is_stmt 0                 @ ../../../../Library/StdDriver/inc\clk.h:0:9
	ldr	r0, __arm_cp.1_2
	.loc	5 478 20 is_stmt 1              @ ../../../../Library/StdDriver/inc\clk.h:478:20
	str	r0, [sp, #24]
	b	.LBB1_4
.Ltmp11:
.LBB1_4:
	.loc	5 0 20 is_stmt 0                @ ../../../../Library/StdDriver/inc\clk.h:0:20
	add	r0, sp, #4
	.loc	5 480 13 is_stmt 1              @ ../../../../Library/StdDriver/inc\clk.h:480:13
	ldrb	r0, [r0, #2]
	lsls	r0, r0, #30
	cmp	r0, #0
	bpl	.LBB1_6
	b	.LBB1_5
.LBB1_5:
.Ltmp12:
	.loc	5 483 26                        @ ../../../../Library/StdDriver/inc\clk.h:483:26
	ldr	r0, [sp, #24]
	.loc	5 483 24 is_stmt 0              @ ../../../../Library/StdDriver/inc\clk.h:483:24
	str	r0, [sp, #28]
	.loc	5 484 9 is_stmt 1               @ ../../../../Library/StdDriver/inc\clk.h:484:9
	b	.LBB1_7
.Ltmp13:
.LBB1_6:
	.loc	5 0 9 is_stmt 0                 @ ../../../../Library/StdDriver/inc\clk.h:0:9
	add	r0, sp, #4
.Ltmp14:
	.loc	5 488 32 is_stmt 1              @ ../../../../Library/StdDriver/inc\clk.h:488:32
	ldrh	r0, [r0]
	.loc	5 488 64 is_stmt 0              @ ../../../../Library/StdDriver/inc\clk.h:488:64
	lsrs	r1, r0, #14
	add	r0, sp, #8
	.loc	5 488 21                        @ ../../../../Library/StdDriver/inc\clk.h:488:21
	adds	r0, r0, r1
	ldrb	r0, [r0]
	.loc	5 488 19                        @ ../../../../Library/StdDriver/inc\clk.h:488:19
	str	r0, [sp, #12]
	.loc	5 489 24 is_stmt 1              @ ../../../../Library/StdDriver/inc\clk.h:489:24
	ldr	r0, [sp, #4]
	ldr	r1, __arm_cp.1_4
	.loc	5 489 31 is_stmt 0              @ ../../../../Library/StdDriver/inc\clk.h:489:31
	ands	r0, r1
	.loc	5 489 80                        @ ../../../../Library/StdDriver/inc\clk.h:489:80
	adds	r0, r0, #2
	.loc	5 489 20                        @ ../../../../Library/StdDriver/inc\clk.h:489:20
	str	r0, [sp, #20]
	.loc	5 490 24 is_stmt 1              @ ../../../../Library/StdDriver/inc\clk.h:490:24
	ldr	r0, [sp, #4]
	movs	r1, #31
	lsls	r1, r1, #9
	.loc	5 490 31 is_stmt 0              @ ../../../../Library/StdDriver/inc\clk.h:490:31
	ands	r0, r1
	.loc	5 490 55                        @ ../../../../Library/StdDriver/inc\clk.h:490:55
	lsrs	r0, r0, #9
	.loc	5 490 80                        @ ../../../../Library/StdDriver/inc\clk.h:490:80
	adds	r0, r0, #2
	.loc	5 490 20                        @ ../../../../Library/StdDriver/inc\clk.h:490:20
	str	r0, [sp, #16]
	.loc	5 492 29 is_stmt 1              @ ../../../../Library/StdDriver/inc\clk.h:492:29
	ldr	r0, [sp, #24]
	.loc	5 492 36 is_stmt 0              @ ../../../../Library/StdDriver/inc\clk.h:492:36
	lsrs	r1, r0, #2
	.loc	5 492 44                        @ ../../../../Library/StdDriver/inc\clk.h:492:44
	ldr	r0, [sp, #20]
	.loc	5 492 42                        @ ../../../../Library/StdDriver/inc\clk.h:492:42
	muls	r0, r1, r0
	.loc	5 492 54                        @ ../../../../Library/StdDriver/inc\clk.h:492:54
	ldr	r2, [sp, #16]
	.loc	5 492 62                        @ ../../../../Library/StdDriver/inc\clk.h:492:62
	ldr	r1, [sp, #12]
	.loc	5 492 60                        @ ../../../../Library/StdDriver/inc\clk.h:492:60
	muls	r1, r2, r1
	.loc	5 492 51                        @ ../../../../Library/StdDriver/inc\clk.h:492:51
	bl	__aeabi_uidiv
	.loc	5 492 69                        @ ../../../../Library/StdDriver/inc\clk.h:492:69
	lsls	r0, r0, #2
	.loc	5 492 24                        @ ../../../../Library/StdDriver/inc\clk.h:492:24
	str	r0, [sp, #28]
	b	.LBB1_7
.Ltmp15:
.LBB1_7:
	.loc	5 494 5 is_stmt 1               @ ../../../../Library/StdDriver/inc\clk.h:494:5
	b	.LBB1_8
.Ltmp16:
.LBB1_8:
	.loc	5 496 12                        @ ../../../../Library/StdDriver/inc\clk.h:496:12
	ldr	r0, [sp, #28]
	.loc	5 496 5 epilogue_begin is_stmt 0 @ ../../../../Library/StdDriver/inc\clk.h:496:5
	add	sp, #32
	pop	{r7, pc}
.Ltmp17:
	.p2align	2
@ %bb.9:
	.loc	5 0 5                           @ ../../../../Library/StdDriver/inc\clk.h:0:5
__arm_cp.1_0:
	.long	67240449                        @ 0x4020201
.Lcpi_end8:
	.size	__arm_cp.1_0, .Lcpi_end8-__arm_cp.1_0
__arm_cp.1_1:
	.long	1073742400                      @ 0x40000240
.Lcpi_end9:
	.size	__arm_cp.1_1, .Lcpi_end9-__arm_cp.1_1
__arm_cp.1_2:
	.long	32000000                        @ 0x1e84800
.Lcpi_end10:
	.size	__arm_cp.1_2, .Lcpi_end10-__arm_cp.1_2
__arm_cp.1_3:
	.long	12000000                        @ 0xb71b00
.Lcpi_end11:
	.size	__arm_cp.1_3, .Lcpi_end11-__arm_cp.1_3
__arm_cp.1_4:
	.long	511                             @ 0x1ff
.Lcpi_end12:
	.size	__arm_cp.1_4, .Lcpi_end12-__arm_cp.1_4
.Lfunc_end1:
	.size	CLK_GetPLLClockFreq, .Lfunc_end1-CLK_GetPLLClockFreq
	.cfi_endproc
	.cantunwind
	.fnend
                                        @ -- End function
	.section	.text.SystemInit,"ax",%progbits
	.hidden	SystemInit                      @ -- Begin function SystemInit
	.globl	SystemInit
	.p2align	2
	.type	SystemInit,%function
	.code	16                              @ @SystemInit
	.thumb_func
SystemInit:
.Lfunc_begin2:
	.loc	2 78 0 is_stmt 1                @ ../../../../Library/Device/Nuvoton/M031/Source/system_M031Series.c:78:0
	.fnstart
	.cfi_startproc
@ %bb.0:
	.save	{r7, lr}
	push	{r7, lr}
	.cfi_def_cfa_offset 8
	.cfi_offset lr, -4
	.cfi_offset r7, -8
.Ltmp18:
	.loc	2 80 5 prologue_end             @ ../../../../Library/Device/Nuvoton/M031/Source/system_M031Series.c:80:5
	bl	SYS_UnlockReg
	ldr	r1, __arm_cp.2_0
	.loc	2 83 24                         @ ../../../../Library/Device/Nuvoton/M031/Source/system_M031Series.c:83:24
	ldr	r0, [r1]
	movs	r2, #7
	lsls	r2, r2, #20
	.loc	2 83 31 is_stmt 0               @ ../../../../Library/Device/Nuvoton/M031/Source/system_M031Series.c:83:31
	bics	r0, r2
	.loc	2 83 17                         @ ../../../../Library/Device/Nuvoton/M031/Source/system_M031Series.c:83:17
	str	r0, [r1]
.Ltmp19:
	.loc	2 102 21 is_stmt 1              @ ../../../../Library/Device/Nuvoton/M031/Source/system_M031Series.c:102:21
	ldr	r0, [r1]
	orrs	r0, r2
	str	r0, [r1]
.Ltmp20:
	.loc	2 106 5                         @ ../../../../Library/Device/Nuvoton/M031/Source/system_M031Series.c:106:5
	bl	SYS_LockReg
	.loc	2 107 1 epilogue_begin          @ ../../../../Library/Device/Nuvoton/M031/Source/system_M031Series.c:107:1
	pop	{r7, pc}
.Ltmp21:
	.p2align	2
@ %bb.1:
	.loc	2 0 1 is_stmt 0                 @ ../../../../Library/Device/Nuvoton/M031/Source/system_M031Series.c:0:1
__arm_cp.2_0:
	.long	1073742336                      @ 0x40000200
.Lcpi_end13:
	.size	__arm_cp.2_0, .Lcpi_end13-__arm_cp.2_0
.Lfunc_end2:
	.size	SystemInit, .Lfunc_end2-SystemInit
	.cfi_endproc
	.cantunwind
	.fnend
                                        @ -- End function
	.section	.text.SYS_UnlockReg,"ax",%progbits
	.p2align	2                               @ -- Begin function SYS_UnlockReg
	.type	SYS_UnlockReg,%function
	.code	16                              @ @SYS_UnlockReg
	.thumb_func
SYS_UnlockReg:
.Lfunc_begin3:
	.fnstart
	.cfi_startproc
@ %bb.0:
	.file	6 "C:\\Users\\jcliu\\Downloads\\m032_cpp_cout_gpio_int_ac6\\SampleCode\\StdDriver\\CPP_IN_OUT\\KEIL" "../../../../Library/StdDriver/inc\\sys.h"
	.loc	6 1345 5 prologue_end is_stmt 1 @ ../../../../Library/StdDriver/inc\sys.h:1345:5
	b	.LBB3_1
.LBB3_1:                                @ =>This Inner Loop Header: Depth=1
	.loc	6 0 5 is_stmt 0                 @ ../../../../Library/StdDriver/inc\sys.h:0:5
	ldr	r1, __arm_cp.3_0
	movs	r0, #89
.Ltmp22:
	.loc	6 1346 22 is_stmt 1             @ ../../../../Library/StdDriver/inc\sys.h:1346:22
	str	r0, [r1]
	movs	r0, #22
	.loc	6 1347 22                       @ ../../../../Library/StdDriver/inc\sys.h:1347:22
	str	r0, [r1]
	movs	r0, #136
	.loc	6 1348 22                       @ ../../../../Library/StdDriver/inc\sys.h:1348:22
	str	r0, [r1]
	.loc	6 1349 5                        @ ../../../../Library/StdDriver/inc\sys.h:1349:5
	b	.LBB3_2
.Ltmp23:
.LBB3_2:                                @   in Loop: Header=BB3_1 Depth=1
	.loc	6 0 5 is_stmt 0                 @ ../../../../Library/StdDriver/inc\sys.h:0:5
	ldr	r0, __arm_cp.3_0
	.loc	6 1349 19                       @ ../../../../Library/StdDriver/inc\sys.h:1349:19
	ldr	r0, [r0]
.Ltmp24:
	.loc	6 1349 5                        @ ../../../../Library/StdDriver/inc\sys.h:1349:5
	cmp	r0, #0
	beq	.LBB3_1
	b	.LBB3_3
.Ltmp25:
.LBB3_3:
	.loc	6 1350 1 is_stmt 1              @ ../../../../Library/StdDriver/inc\sys.h:1350:1
	bx	lr
.Ltmp26:
	.p2align	2
@ %bb.4:
	.loc	6 0 1 is_stmt 0                 @ ../../../../Library/StdDriver/inc\sys.h:0:1
__arm_cp.3_0:
	.long	1073742080                      @ 0x40000100
.Lcpi_end14:
	.size	__arm_cp.3_0, .Lcpi_end14-__arm_cp.3_0
.Lfunc_end3:
	.size	SYS_UnlockReg, .Lfunc_end3-SYS_UnlockReg
	.cfi_endproc
	.cantunwind
	.fnend
                                        @ -- End function
	.section	.text.SYS_LockReg,"ax",%progbits
	.p2align	2                               @ -- Begin function SYS_LockReg
	.type	SYS_LockReg,%function
	.code	16                              @ @SYS_LockReg
	.thumb_func
SYS_LockReg:
.Lfunc_begin4:
	.loc	6 1361 0 is_stmt 1              @ ../../../../Library/StdDriver/inc\sys.h:1361:0
	.fnstart
	.cfi_startproc
@ %bb.0:
	ldr	r1, __arm_cp.4_0
	movs	r0, #0
.Ltmp27:
	.loc	6 1362 18 prologue_end          @ ../../../../Library/StdDriver/inc\sys.h:1362:18
	str	r0, [r1]
	.loc	6 1363 1                        @ ../../../../Library/StdDriver/inc\sys.h:1363:1
	bx	lr
.Ltmp28:
	.p2align	2
@ %bb.1:
	.loc	6 0 1 is_stmt 0                 @ ../../../../Library/StdDriver/inc\sys.h:0:1
__arm_cp.4_0:
	.long	1073742080                      @ 0x40000100
.Lcpi_end15:
	.size	__arm_cp.4_0, .Lcpi_end15-__arm_cp.4_0
.Lfunc_end4:
	.size	SYS_LockReg, .Lfunc_end4-SYS_LockReg
	.cfi_endproc
	.cantunwind
	.fnend
                                        @ -- End function
	.hidden	SystemCoreClock                 @ @SystemCoreClock
	.type	SystemCoreClock,%object
	.section	.data.SystemCoreClock,"aw",%progbits
	.globl	SystemCoreClock
	.p2align	2, 0x0
SystemCoreClock:
	.long	96000000                        @ 0x5b8d800
	.size	SystemCoreClock, 4

	.hidden	CyclesPerUs                     @ @CyclesPerUs
	.type	CyclesPerUs,%object
	.section	.data.CyclesPerUs,"aw",%progbits
	.globl	CyclesPerUs
	.p2align	2, 0x0
CyclesPerUs:
	.long	96                              @ 0x60
	.size	CyclesPerUs, 4

	.hidden	PllClock                        @ @PllClock
	.type	PllClock,%object
	.section	.data.PllClock,"aw",%progbits
	.globl	PllClock
	.p2align	2, 0x0
PllClock:
	.long	96000000                        @ 0x5b8d800
	.size	PllClock, 4

	.hidden	gau32ClkSrcTbl                  @ @gau32ClkSrcTbl
	.type	gau32ClkSrcTbl,%object
	.section	.rodata.gau32ClkSrcTbl,"a",%progbits
	.globl	gau32ClkSrcTbl
	.p2align	2, 0x0
gau32ClkSrcTbl:
	.long	32000000                        @ 0x1e84800
	.long	32768                           @ 0x8000
	.long	96000000                        @ 0x5b8d800
	.long	38400                           @ 0x9600
	.long	48000000                        @ 0x2dc6c00
	.long	0                               @ 0x0
	.long	0                               @ 0x0
	.long	48000000                        @ 0x2dc6c00
	.size	gau32ClkSrcTbl, 32

	.type	.L__const.CLK_GetPLLClockFreq.au8NoTbl,%object @ @__const.CLK_GetPLLClockFreq.au8NoTbl
	.section	.rodata.cst4,"aM",%progbits,4
.L__const.CLK_GetPLLClockFreq.au8NoTbl:
	.ascii	"\001\002\002\004"
	.size	.L__const.CLK_GetPLLClockFreq.au8NoTbl, 4

	.section	.debug_abbrev,"",%progbits
	.byte	1                               @ Abbreviation Code
	.byte	17                              @ DW_TAG_compile_unit
	.byte	1                               @ DW_CHILDREN_yes
	.byte	37                              @ DW_AT_producer
	.byte	14                              @ DW_FORM_strp
	.byte	19                              @ DW_AT_language
	.byte	5                               @ DW_FORM_data2
	.byte	3                               @ DW_AT_name
	.byte	14                              @ DW_FORM_strp
	.byte	16                              @ DW_AT_stmt_list
	.byte	23                              @ DW_FORM_sec_offset
	.byte	27                              @ DW_AT_comp_dir
	.byte	14                              @ DW_FORM_strp
	.byte	17                              @ DW_AT_low_pc
	.byte	1                               @ DW_FORM_addr
	.byte	85                              @ DW_AT_ranges
	.byte	23                              @ DW_FORM_sec_offset
	.byte	0                               @ EOM(1)
	.byte	0                               @ EOM(2)
	.byte	2                               @ Abbreviation Code
	.byte	52                              @ DW_TAG_variable
	.byte	0                               @ DW_CHILDREN_no
	.byte	3                               @ DW_AT_name
	.byte	14                              @ DW_FORM_strp
	.byte	73                              @ DW_AT_type
	.byte	19                              @ DW_FORM_ref4
	.byte	63                              @ DW_AT_external
	.byte	25                              @ DW_FORM_flag_present
	.byte	58                              @ DW_AT_decl_file
	.byte	11                              @ DW_FORM_data1
	.byte	59                              @ DW_AT_decl_line
	.byte	11                              @ DW_FORM_data1
	.byte	2                               @ DW_AT_location
	.byte	24                              @ DW_FORM_exprloc
	.byte	0                               @ EOM(1)
	.byte	0                               @ EOM(2)
	.byte	3                               @ Abbreviation Code
	.byte	22                              @ DW_TAG_typedef
	.byte	0                               @ DW_CHILDREN_no
	.byte	73                              @ DW_AT_type
	.byte	19                              @ DW_FORM_ref4
	.byte	3                               @ DW_AT_name
	.byte	14                              @ DW_FORM_strp
	.byte	58                              @ DW_AT_decl_file
	.byte	11                              @ DW_FORM_data1
	.byte	59                              @ DW_AT_decl_line
	.byte	11                              @ DW_FORM_data1
	.byte	0                               @ EOM(1)
	.byte	0                               @ EOM(2)
	.byte	4                               @ Abbreviation Code
	.byte	36                              @ DW_TAG_base_type
	.byte	0                               @ DW_CHILDREN_no
	.byte	3                               @ DW_AT_name
	.byte	14                              @ DW_FORM_strp
	.byte	62                              @ DW_AT_encoding
	.byte	11                              @ DW_FORM_data1
	.byte	11                              @ DW_AT_byte_size
	.byte	11                              @ DW_FORM_data1
	.byte	0                               @ EOM(1)
	.byte	0                               @ EOM(2)
	.byte	5                               @ Abbreviation Code
	.byte	1                               @ DW_TAG_array_type
	.byte	1                               @ DW_CHILDREN_yes
	.byte	73                              @ DW_AT_type
	.byte	19                              @ DW_FORM_ref4
	.byte	0                               @ EOM(1)
	.byte	0                               @ EOM(2)
	.byte	6                               @ Abbreviation Code
	.byte	33                              @ DW_TAG_subrange_type
	.byte	0                               @ DW_CHILDREN_no
	.byte	73                              @ DW_AT_type
	.byte	19                              @ DW_FORM_ref4
	.byte	55                              @ DW_AT_count
	.byte	11                              @ DW_FORM_data1
	.byte	0                               @ EOM(1)
	.byte	0                               @ EOM(2)
	.byte	7                               @ Abbreviation Code
	.byte	38                              @ DW_TAG_const_type
	.byte	0                               @ DW_CHILDREN_no
	.byte	73                              @ DW_AT_type
	.byte	19                              @ DW_FORM_ref4
	.byte	0                               @ EOM(1)
	.byte	0                               @ EOM(2)
	.byte	8                               @ Abbreviation Code
	.byte	36                              @ DW_TAG_base_type
	.byte	0                               @ DW_CHILDREN_no
	.byte	3                               @ DW_AT_name
	.byte	14                              @ DW_FORM_strp
	.byte	11                              @ DW_AT_byte_size
	.byte	11                              @ DW_FORM_data1
	.byte	62                              @ DW_AT_encoding
	.byte	11                              @ DW_FORM_data1
	.byte	0                               @ EOM(1)
	.byte	0                               @ EOM(2)
	.byte	9                               @ Abbreviation Code
	.byte	15                              @ DW_TAG_pointer_type
	.byte	0                               @ DW_CHILDREN_no
	.byte	73                              @ DW_AT_type
	.byte	19                              @ DW_FORM_ref4
	.byte	0                               @ EOM(1)
	.byte	0                               @ EOM(2)
	.byte	10                              @ Abbreviation Code
	.byte	22                              @ DW_TAG_typedef
	.byte	0                               @ DW_CHILDREN_no
	.byte	73                              @ DW_AT_type
	.byte	19                              @ DW_FORM_ref4
	.byte	3                               @ DW_AT_name
	.byte	14                              @ DW_FORM_strp
	.byte	58                              @ DW_AT_decl_file
	.byte	11                              @ DW_FORM_data1
	.byte	59                              @ DW_AT_decl_line
	.byte	5                               @ DW_FORM_data2
	.byte	0                               @ EOM(1)
	.byte	0                               @ EOM(2)
	.byte	11                              @ Abbreviation Code
	.byte	19                              @ DW_TAG_structure_type
	.byte	1                               @ DW_CHILDREN_yes
	.byte	11                              @ DW_AT_byte_size
	.byte	11                              @ DW_FORM_data1
	.byte	58                              @ DW_AT_decl_file
	.byte	11                              @ DW_FORM_data1
	.byte	59                              @ DW_AT_decl_line
	.byte	11                              @ DW_FORM_data1
	.byte	0                               @ EOM(1)
	.byte	0                               @ EOM(2)
	.byte	12                              @ Abbreviation Code
	.byte	13                              @ DW_TAG_member
	.byte	0                               @ DW_CHILDREN_no
	.byte	3                               @ DW_AT_name
	.byte	14                              @ DW_FORM_strp
	.byte	73                              @ DW_AT_type
	.byte	19                              @ DW_FORM_ref4
	.byte	58                              @ DW_AT_decl_file
	.byte	11                              @ DW_FORM_data1
	.byte	59                              @ DW_AT_decl_line
	.byte	5                               @ DW_FORM_data2
	.byte	56                              @ DW_AT_data_member_location
	.byte	11                              @ DW_FORM_data1
	.byte	0                               @ EOM(1)
	.byte	0                               @ EOM(2)
	.byte	13                              @ Abbreviation Code
	.byte	53                              @ DW_TAG_volatile_type
	.byte	0                               @ DW_CHILDREN_no
	.byte	73                              @ DW_AT_type
	.byte	19                              @ DW_FORM_ref4
	.byte	0                               @ EOM(1)
	.byte	0                               @ EOM(2)
	.byte	14                              @ Abbreviation Code
	.byte	19                              @ DW_TAG_structure_type
	.byte	1                               @ DW_CHILDREN_yes
	.byte	11                              @ DW_AT_byte_size
	.byte	5                               @ DW_FORM_data2
	.byte	58                              @ DW_AT_decl_file
	.byte	11                              @ DW_FORM_data1
	.byte	59                              @ DW_AT_decl_line
	.byte	11                              @ DW_FORM_data1
	.byte	0                               @ EOM(1)
	.byte	0                               @ EOM(2)
	.byte	15                              @ Abbreviation Code
	.byte	13                              @ DW_TAG_member
	.byte	0                               @ DW_CHILDREN_no
	.byte	3                               @ DW_AT_name
	.byte	14                              @ DW_FORM_strp
	.byte	73                              @ DW_AT_type
	.byte	19                              @ DW_FORM_ref4
	.byte	58                              @ DW_AT_decl_file
	.byte	11                              @ DW_FORM_data1
	.byte	59                              @ DW_AT_decl_line
	.byte	5                               @ DW_FORM_data2
	.byte	56                              @ DW_AT_data_member_location
	.byte	5                               @ DW_FORM_data2
	.byte	0                               @ EOM(1)
	.byte	0                               @ EOM(2)
	.byte	16                              @ Abbreviation Code
	.byte	46                              @ DW_TAG_subprogram
	.byte	1                               @ DW_CHILDREN_yes
	.byte	17                              @ DW_AT_low_pc
	.byte	1                               @ DW_FORM_addr
	.byte	18                              @ DW_AT_high_pc
	.byte	6                               @ DW_FORM_data4
	.byte	64                              @ DW_AT_frame_base
	.byte	24                              @ DW_FORM_exprloc
	.byte	3                               @ DW_AT_name
	.byte	14                              @ DW_FORM_strp
	.byte	58                              @ DW_AT_decl_file
	.byte	11                              @ DW_FORM_data1
	.byte	59                              @ DW_AT_decl_line
	.byte	11                              @ DW_FORM_data1
	.byte	39                              @ DW_AT_prototyped
	.byte	25                              @ DW_FORM_flag_present
	.byte	63                              @ DW_AT_external
	.byte	25                              @ DW_FORM_flag_present
	.byte	0                               @ EOM(1)
	.byte	0                               @ EOM(2)
	.byte	17                              @ Abbreviation Code
	.byte	52                              @ DW_TAG_variable
	.byte	0                               @ DW_CHILDREN_no
	.byte	2                               @ DW_AT_location
	.byte	24                              @ DW_FORM_exprloc
	.byte	3                               @ DW_AT_name
	.byte	14                              @ DW_FORM_strp
	.byte	58                              @ DW_AT_decl_file
	.byte	11                              @ DW_FORM_data1
	.byte	59                              @ DW_AT_decl_line
	.byte	11                              @ DW_FORM_data1
	.byte	73                              @ DW_AT_type
	.byte	19                              @ DW_FORM_ref4
	.byte	0                               @ EOM(1)
	.byte	0                               @ EOM(2)
	.byte	18                              @ Abbreviation Code
	.byte	46                              @ DW_TAG_subprogram
	.byte	1                               @ DW_CHILDREN_yes
	.byte	17                              @ DW_AT_low_pc
	.byte	1                               @ DW_FORM_addr
	.byte	18                              @ DW_AT_high_pc
	.byte	6                               @ DW_FORM_data4
	.byte	64                              @ DW_AT_frame_base
	.byte	24                              @ DW_FORM_exprloc
	.byte	3                               @ DW_AT_name
	.byte	14                              @ DW_FORM_strp
	.byte	58                              @ DW_AT_decl_file
	.byte	11                              @ DW_FORM_data1
	.byte	59                              @ DW_AT_decl_line
	.byte	5                               @ DW_FORM_data2
	.byte	39                              @ DW_AT_prototyped
	.byte	25                              @ DW_FORM_flag_present
	.byte	73                              @ DW_AT_type
	.byte	19                              @ DW_FORM_ref4
	.byte	0                               @ EOM(1)
	.byte	0                               @ EOM(2)
	.byte	19                              @ Abbreviation Code
	.byte	52                              @ DW_TAG_variable
	.byte	0                               @ DW_CHILDREN_no
	.byte	2                               @ DW_AT_location
	.byte	24                              @ DW_FORM_exprloc
	.byte	3                               @ DW_AT_name
	.byte	14                              @ DW_FORM_strp
	.byte	58                              @ DW_AT_decl_file
	.byte	11                              @ DW_FORM_data1
	.byte	59                              @ DW_AT_decl_line
	.byte	5                               @ DW_FORM_data2
	.byte	73                              @ DW_AT_type
	.byte	19                              @ DW_FORM_ref4
	.byte	0                               @ EOM(1)
	.byte	0                               @ EOM(2)
	.byte	20                              @ Abbreviation Code
	.byte	46                              @ DW_TAG_subprogram
	.byte	0                               @ DW_CHILDREN_no
	.byte	17                              @ DW_AT_low_pc
	.byte	1                               @ DW_FORM_addr
	.byte	18                              @ DW_AT_high_pc
	.byte	6                               @ DW_FORM_data4
	.byte	64                              @ DW_AT_frame_base
	.byte	24                              @ DW_FORM_exprloc
	.byte	3                               @ DW_AT_name
	.byte	14                              @ DW_FORM_strp
	.byte	58                              @ DW_AT_decl_file
	.byte	11                              @ DW_FORM_data1
	.byte	59                              @ DW_AT_decl_line
	.byte	11                              @ DW_FORM_data1
	.byte	39                              @ DW_AT_prototyped
	.byte	25                              @ DW_FORM_flag_present
	.byte	63                              @ DW_AT_external
	.byte	25                              @ DW_FORM_flag_present
	.byte	0                               @ EOM(1)
	.byte	0                               @ EOM(2)
	.byte	21                              @ Abbreviation Code
	.byte	46                              @ DW_TAG_subprogram
	.byte	0                               @ DW_CHILDREN_no
	.byte	17                              @ DW_AT_low_pc
	.byte	1                               @ DW_FORM_addr
	.byte	18                              @ DW_AT_high_pc
	.byte	6                               @ DW_FORM_data4
	.byte	64                              @ DW_AT_frame_base
	.byte	24                              @ DW_FORM_exprloc
	.byte	3                               @ DW_AT_name
	.byte	14                              @ DW_FORM_strp
	.byte	58                              @ DW_AT_decl_file
	.byte	11                              @ DW_FORM_data1
	.byte	59                              @ DW_AT_decl_line
	.byte	5                               @ DW_FORM_data2
	.byte	39                              @ DW_AT_prototyped
	.byte	25                              @ DW_FORM_flag_present
	.byte	0                               @ EOM(1)
	.byte	0                               @ EOM(2)
	.byte	0                               @ EOM(3)
	.section	.debug_info,"",%progbits
.Lcu_begin0:
	.long	.Ldebug_info_end0-.Ldebug_info_start0 @ Length of Unit
.Ldebug_info_start0:
	.short	4                               @ DWARF version number
	.long	.debug_abbrev                   @ Offset Into Abbrev. Section
	.byte	4                               @ Address Size (in bytes)
	.byte	1                               @ Abbrev [1] 0xb:0x6ee DW_TAG_compile_unit
	.long	.Linfo_string0                  @ DW_AT_producer
	.short	12                              @ DW_AT_language
	.long	.Linfo_string1                  @ DW_AT_name
	.long	.Lline_table_start0             @ DW_AT_stmt_list
	.long	.Linfo_string2                  @ DW_AT_comp_dir
	.long	0                               @ DW_AT_low_pc
	.long	.Ldebug_ranges0                 @ DW_AT_ranges
	.byte	2                               @ Abbrev [2] 0x26:0x11 DW_TAG_variable
	.long	.Linfo_string3                  @ DW_AT_name
	.long	55                              @ DW_AT_type
                                        @ DW_AT_external
	.byte	2                               @ DW_AT_decl_file
	.byte	22                              @ DW_AT_decl_line
	.byte	5                               @ DW_AT_location
	.byte	3
	.long	SystemCoreClock
	.byte	3                               @ Abbrev [3] 0x37:0xb DW_TAG_typedef
	.long	66                              @ DW_AT_type
	.long	.Linfo_string5                  @ DW_AT_name
	.byte	1                               @ DW_AT_decl_file
	.byte	64                              @ DW_AT_decl_line
	.byte	4                               @ Abbrev [4] 0x42:0x7 DW_TAG_base_type
	.long	.Linfo_string4                  @ DW_AT_name
	.byte	7                               @ DW_AT_encoding
	.byte	4                               @ DW_AT_byte_size
	.byte	2                               @ Abbrev [2] 0x49:0x11 DW_TAG_variable
	.long	.Linfo_string6                  @ DW_AT_name
	.long	55                              @ DW_AT_type
                                        @ DW_AT_external
	.byte	2                               @ DW_AT_decl_file
	.byte	23                              @ DW_AT_decl_line
	.byte	5                               @ DW_AT_location
	.byte	3
	.long	CyclesPerUs
	.byte	2                               @ Abbrev [2] 0x5a:0x11 DW_TAG_variable
	.long	.Linfo_string7                  @ DW_AT_name
	.long	55                              @ DW_AT_type
                                        @ DW_AT_external
	.byte	2                               @ DW_AT_decl_file
	.byte	24                              @ DW_AT_decl_line
	.byte	5                               @ DW_AT_location
	.byte	3
	.long	PllClock
	.byte	2                               @ Abbrev [2] 0x6b:0x11 DW_TAG_variable
	.long	.Linfo_string8                  @ DW_AT_name
	.long	124                             @ DW_AT_type
                                        @ DW_AT_external
	.byte	2                               @ DW_AT_decl_file
	.byte	25                              @ DW_AT_decl_line
	.byte	5                               @ DW_AT_location
	.byte	3
	.long	gau32ClkSrcTbl
	.byte	5                               @ Abbrev [5] 0x7c:0xc DW_TAG_array_type
	.long	136                             @ DW_AT_type
	.byte	6                               @ Abbrev [6] 0x81:0x6 DW_TAG_subrange_type
	.long	141                             @ DW_AT_type
	.byte	8                               @ DW_AT_count
	.byte	0                               @ End Of Children Mark
	.byte	7                               @ Abbrev [7] 0x88:0x5 DW_TAG_const_type
	.long	55                              @ DW_AT_type
	.byte	8                               @ Abbrev [8] 0x8d:0x7 DW_TAG_base_type
	.long	.Linfo_string9                  @ DW_AT_name
	.byte	8                               @ DW_AT_byte_size
	.byte	7                               @ DW_AT_encoding
	.byte	9                               @ Abbrev [9] 0x94:0x5 DW_TAG_pointer_type
	.long	153                             @ DW_AT_type
	.byte	10                              @ Abbrev [10] 0x99:0xc DW_TAG_typedef
	.long	165                             @ DW_AT_type
	.long	.Linfo_string38                 @ DW_AT_name
	.byte	3                               @ DW_AT_decl_file
	.short	549                             @ DW_AT_decl_line
	.byte	11                              @ Abbrev [11] 0xa5:0x171 DW_TAG_structure_type
	.byte	244                             @ DW_AT_byte_size
	.byte	3                               @ DW_AT_decl_file
	.byte	26                              @ DW_AT_decl_line
	.byte	12                              @ Abbrev [12] 0xa9:0xd DW_TAG_member
	.long	.Linfo_string10                 @ DW_AT_name
	.long	534                             @ DW_AT_type
	.byte	3                               @ DW_AT_decl_file
	.short	520                             @ DW_AT_decl_line
	.byte	0                               @ DW_AT_data_member_location
	.byte	12                              @ Abbrev [12] 0xb6:0xd DW_TAG_member
	.long	.Linfo_string11                 @ DW_AT_name
	.long	534                             @ DW_AT_type
	.byte	3                               @ DW_AT_decl_file
	.short	521                             @ DW_AT_decl_line
	.byte	4                               @ DW_AT_data_member_location
	.byte	12                              @ Abbrev [12] 0xc3:0xd DW_TAG_member
	.long	.Linfo_string12                 @ DW_AT_name
	.long	534                             @ DW_AT_type
	.byte	3                               @ DW_AT_decl_file
	.short	522                             @ DW_AT_decl_line
	.byte	8                               @ DW_AT_data_member_location
	.byte	12                              @ Abbrev [12] 0xd0:0xd DW_TAG_member
	.long	.Linfo_string13                 @ DW_AT_name
	.long	534                             @ DW_AT_type
	.byte	3                               @ DW_AT_decl_file
	.short	523                             @ DW_AT_decl_line
	.byte	12                              @ DW_AT_data_member_location
	.byte	12                              @ Abbrev [12] 0xdd:0xd DW_TAG_member
	.long	.Linfo_string14                 @ DW_AT_name
	.long	534                             @ DW_AT_type
	.byte	3                               @ DW_AT_decl_file
	.short	524                             @ DW_AT_decl_line
	.byte	16                              @ DW_AT_data_member_location
	.byte	12                              @ Abbrev [12] 0xea:0xd DW_TAG_member
	.long	.Linfo_string15                 @ DW_AT_name
	.long	534                             @ DW_AT_type
	.byte	3                               @ DW_AT_decl_file
	.short	525                             @ DW_AT_decl_line
	.byte	20                              @ DW_AT_data_member_location
	.byte	12                              @ Abbrev [12] 0xf7:0xd DW_TAG_member
	.long	.Linfo_string16                 @ DW_AT_name
	.long	534                             @ DW_AT_type
	.byte	3                               @ DW_AT_decl_file
	.short	526                             @ DW_AT_decl_line
	.byte	24                              @ DW_AT_data_member_location
	.byte	12                              @ Abbrev [12] 0x104:0xd DW_TAG_member
	.long	.Linfo_string17                 @ DW_AT_name
	.long	534                             @ DW_AT_type
	.byte	3                               @ DW_AT_decl_file
	.short	527                             @ DW_AT_decl_line
	.byte	28                              @ DW_AT_data_member_location
	.byte	12                              @ Abbrev [12] 0x111:0xd DW_TAG_member
	.long	.Linfo_string18                 @ DW_AT_name
	.long	534                             @ DW_AT_type
	.byte	3                               @ DW_AT_decl_file
	.short	528                             @ DW_AT_decl_line
	.byte	32                              @ DW_AT_data_member_location
	.byte	12                              @ Abbrev [12] 0x11e:0xd DW_TAG_member
	.long	.Linfo_string19                 @ DW_AT_name
	.long	539                             @ DW_AT_type
	.byte	3                               @ DW_AT_decl_file
	.short	529                             @ DW_AT_decl_line
	.byte	36                              @ DW_AT_data_member_location
	.byte	12                              @ Abbrev [12] 0x12b:0xd DW_TAG_member
	.long	.Linfo_string20                 @ DW_AT_name
	.long	534                             @ DW_AT_type
	.byte	3                               @ DW_AT_decl_file
	.short	530                             @ DW_AT_decl_line
	.byte	48                              @ DW_AT_data_member_location
	.byte	12                              @ Abbrev [12] 0x138:0xd DW_TAG_member
	.long	.Linfo_string21                 @ DW_AT_name
	.long	534                             @ DW_AT_type
	.byte	3                               @ DW_AT_decl_file
	.short	531                             @ DW_AT_decl_line
	.byte	52                              @ DW_AT_data_member_location
	.byte	12                              @ Abbrev [12] 0x145:0xd DW_TAG_member
	.long	.Linfo_string22                 @ DW_AT_name
	.long	556                             @ DW_AT_type
	.byte	3                               @ DW_AT_decl_file
	.short	532                             @ DW_AT_decl_line
	.byte	56                              @ DW_AT_data_member_location
	.byte	12                              @ Abbrev [12] 0x152:0xd DW_TAG_member
	.long	.Linfo_string23                 @ DW_AT_name
	.long	534                             @ DW_AT_type
	.byte	3                               @ DW_AT_decl_file
	.short	533                             @ DW_AT_decl_line
	.byte	64                              @ DW_AT_data_member_location
	.byte	12                              @ Abbrev [12] 0x15f:0xd DW_TAG_member
	.long	.Linfo_string24                 @ DW_AT_name
	.long	539                             @ DW_AT_type
	.byte	3                               @ DW_AT_decl_file
	.short	534                             @ DW_AT_decl_line
	.byte	68                              @ DW_AT_data_member_location
	.byte	12                              @ Abbrev [12] 0x16c:0xd DW_TAG_member
	.long	.Linfo_string25                 @ DW_AT_name
	.long	551                             @ DW_AT_type
	.byte	3                               @ DW_AT_decl_file
	.short	535                             @ DW_AT_decl_line
	.byte	80                              @ DW_AT_data_member_location
	.byte	12                              @ Abbrev [12] 0x179:0xd DW_TAG_member
	.long	.Linfo_string26                 @ DW_AT_name
	.long	539                             @ DW_AT_type
	.byte	3                               @ DW_AT_decl_file
	.short	536                             @ DW_AT_decl_line
	.byte	84                              @ DW_AT_data_member_location
	.byte	12                              @ Abbrev [12] 0x186:0xd DW_TAG_member
	.long	.Linfo_string27                 @ DW_AT_name
	.long	534                             @ DW_AT_type
	.byte	3                               @ DW_AT_decl_file
	.short	537                             @ DW_AT_decl_line
	.byte	96                              @ DW_AT_data_member_location
	.byte	12                              @ Abbrev [12] 0x193:0xd DW_TAG_member
	.long	.Linfo_string28                 @ DW_AT_name
	.long	539                             @ DW_AT_type
	.byte	3                               @ DW_AT_decl_file
	.short	538                             @ DW_AT_decl_line
	.byte	100                             @ DW_AT_data_member_location
	.byte	12                              @ Abbrev [12] 0x1a0:0xd DW_TAG_member
	.long	.Linfo_string29                 @ DW_AT_name
	.long	534                             @ DW_AT_type
	.byte	3                               @ DW_AT_decl_file
	.short	539                             @ DW_AT_decl_line
	.byte	112                             @ DW_AT_data_member_location
	.byte	12                              @ Abbrev [12] 0x1ad:0xd DW_TAG_member
	.long	.Linfo_string30                 @ DW_AT_name
	.long	534                             @ DW_AT_type
	.byte	3                               @ DW_AT_decl_file
	.short	540                             @ DW_AT_decl_line
	.byte	116                             @ DW_AT_data_member_location
	.byte	12                              @ Abbrev [12] 0x1ba:0xd DW_TAG_member
	.long	.Linfo_string31                 @ DW_AT_name
	.long	534                             @ DW_AT_type
	.byte	3                               @ DW_AT_decl_file
	.short	541                             @ DW_AT_decl_line
	.byte	120                             @ DW_AT_data_member_location
	.byte	12                              @ Abbrev [12] 0x1c7:0xd DW_TAG_member
	.long	.Linfo_string32                 @ DW_AT_name
	.long	534                             @ DW_AT_type
	.byte	3                               @ DW_AT_decl_file
	.short	542                             @ DW_AT_decl_line
	.byte	124                             @ DW_AT_data_member_location
	.byte	12                              @ Abbrev [12] 0x1d4:0xd DW_TAG_member
	.long	.Linfo_string33                 @ DW_AT_name
	.long	534                             @ DW_AT_type
	.byte	3                               @ DW_AT_decl_file
	.short	543                             @ DW_AT_decl_line
	.byte	128                             @ DW_AT_data_member_location
	.byte	12                              @ Abbrev [12] 0x1e1:0xd DW_TAG_member
	.long	.Linfo_string34                 @ DW_AT_name
	.long	568                             @ DW_AT_type
	.byte	3                               @ DW_AT_decl_file
	.short	544                             @ DW_AT_decl_line
	.byte	132                             @ DW_AT_data_member_location
	.byte	12                              @ Abbrev [12] 0x1ee:0xd DW_TAG_member
	.long	.Linfo_string35                 @ DW_AT_name
	.long	534                             @ DW_AT_type
	.byte	3                               @ DW_AT_decl_file
	.short	545                             @ DW_AT_decl_line
	.byte	180                             @ DW_AT_data_member_location
	.byte	12                              @ Abbrev [12] 0x1fb:0xd DW_TAG_member
	.long	.Linfo_string36                 @ DW_AT_name
	.long	580                             @ DW_AT_type
	.byte	3                               @ DW_AT_decl_file
	.short	546                             @ DW_AT_decl_line
	.byte	184                             @ DW_AT_data_member_location
	.byte	12                              @ Abbrev [12] 0x208:0xd DW_TAG_member
	.long	.Linfo_string37                 @ DW_AT_name
	.long	534                             @ DW_AT_type
	.byte	3                               @ DW_AT_decl_file
	.short	547                             @ DW_AT_decl_line
	.byte	240                             @ DW_AT_data_member_location
	.byte	0                               @ End Of Children Mark
	.byte	13                              @ Abbrev [13] 0x216:0x5 DW_TAG_volatile_type
	.long	55                              @ DW_AT_type
	.byte	5                               @ Abbrev [5] 0x21b:0xc DW_TAG_array_type
	.long	551                             @ DW_AT_type
	.byte	6                               @ Abbrev [6] 0x220:0x6 DW_TAG_subrange_type
	.long	141                             @ DW_AT_type
	.byte	3                               @ DW_AT_count
	.byte	0                               @ End Of Children Mark
	.byte	7                               @ Abbrev [7] 0x227:0x5 DW_TAG_const_type
	.long	534                             @ DW_AT_type
	.byte	5                               @ Abbrev [5] 0x22c:0xc DW_TAG_array_type
	.long	551                             @ DW_AT_type
	.byte	6                               @ Abbrev [6] 0x231:0x6 DW_TAG_subrange_type
	.long	141                             @ DW_AT_type
	.byte	2                               @ DW_AT_count
	.byte	0                               @ End Of Children Mark
	.byte	5                               @ Abbrev [5] 0x238:0xc DW_TAG_array_type
	.long	551                             @ DW_AT_type
	.byte	6                               @ Abbrev [6] 0x23d:0x6 DW_TAG_subrange_type
	.long	141                             @ DW_AT_type
	.byte	12                              @ DW_AT_count
	.byte	0                               @ End Of Children Mark
	.byte	5                               @ Abbrev [5] 0x244:0xc DW_TAG_array_type
	.long	551                             @ DW_AT_type
	.byte	6                               @ Abbrev [6] 0x249:0x6 DW_TAG_subrange_type
	.long	141                             @ DW_AT_type
	.byte	14                              @ DW_AT_count
	.byte	0                               @ End Of Children Mark
	.byte	9                               @ Abbrev [9] 0x250:0x5 DW_TAG_pointer_type
	.long	597                             @ DW_AT_type
	.byte	10                              @ Abbrev [10] 0x255:0xc DW_TAG_typedef
	.long	609                             @ DW_AT_type
	.long	.Linfo_string94                 @ DW_AT_name
	.byte	4                               @ DW_AT_decl_file
	.short	641                             @ DW_AT_decl_line
	.byte	14                              @ Abbrev [14] 0x261:0x340 DW_TAG_structure_type
	.short	496                             @ DW_AT_byte_size
	.byte	4                               @ DW_AT_decl_file
	.byte	26                              @ DW_AT_decl_line
	.byte	12                              @ Abbrev [12] 0x266:0xd DW_TAG_member
	.long	.Linfo_string39                 @ DW_AT_name
	.long	551                             @ DW_AT_type
	.byte	4                               @ DW_AT_decl_file
	.short	579                             @ DW_AT_decl_line
	.byte	0                               @ DW_AT_data_member_location
	.byte	12                              @ Abbrev [12] 0x273:0xd DW_TAG_member
	.long	.Linfo_string40                 @ DW_AT_name
	.long	534                             @ DW_AT_type
	.byte	4                               @ DW_AT_decl_file
	.short	580                             @ DW_AT_decl_line
	.byte	4                               @ DW_AT_data_member_location
	.byte	12                              @ Abbrev [12] 0x280:0xd DW_TAG_member
	.long	.Linfo_string41                 @ DW_AT_name
	.long	534                             @ DW_AT_type
	.byte	4                               @ DW_AT_decl_file
	.short	581                             @ DW_AT_decl_line
	.byte	8                               @ DW_AT_data_member_location
	.byte	12                              @ Abbrev [12] 0x28d:0xd DW_TAG_member
	.long	.Linfo_string42                 @ DW_AT_name
	.long	534                             @ DW_AT_type
	.byte	4                               @ DW_AT_decl_file
	.short	582                             @ DW_AT_decl_line
	.byte	12                              @ DW_AT_data_member_location
	.byte	12                              @ Abbrev [12] 0x29a:0xd DW_TAG_member
	.long	.Linfo_string43                 @ DW_AT_name
	.long	534                             @ DW_AT_type
	.byte	4                               @ DW_AT_decl_file
	.short	583                             @ DW_AT_decl_line
	.byte	16                              @ DW_AT_data_member_location
	.byte	12                              @ Abbrev [12] 0x2a7:0xd DW_TAG_member
	.long	.Linfo_string19                 @ DW_AT_name
	.long	1441                            @ DW_AT_type
	.byte	4                               @ DW_AT_decl_file
	.short	584                             @ DW_AT_decl_line
	.byte	20                              @ DW_AT_data_member_location
	.byte	12                              @ Abbrev [12] 0x2b4:0xd DW_TAG_member
	.long	.Linfo_string44                 @ DW_AT_name
	.long	534                             @ DW_AT_type
	.byte	4                               @ DW_AT_decl_file
	.short	585                             @ DW_AT_decl_line
	.byte	24                              @ DW_AT_data_member_location
	.byte	12                              @ Abbrev [12] 0x2c1:0xd DW_TAG_member
	.long	.Linfo_string22                 @ DW_AT_name
	.long	556                             @ DW_AT_type
	.byte	4                               @ DW_AT_decl_file
	.short	586                             @ DW_AT_decl_line
	.byte	28                              @ DW_AT_data_member_location
	.byte	12                              @ Abbrev [12] 0x2ce:0xd DW_TAG_member
	.long	.Linfo_string45                 @ DW_AT_name
	.long	534                             @ DW_AT_type
	.byte	4                               @ DW_AT_decl_file
	.short	587                             @ DW_AT_decl_line
	.byte	36                              @ DW_AT_data_member_location
	.byte	12                              @ Abbrev [12] 0x2db:0xd DW_TAG_member
	.long	.Linfo_string24                 @ DW_AT_name
	.long	556                             @ DW_AT_type
	.byte	4                               @ DW_AT_decl_file
	.short	588                             @ DW_AT_decl_line
	.byte	40                              @ DW_AT_data_member_location
	.byte	12                              @ Abbrev [12] 0x2e8:0xd DW_TAG_member
	.long	.Linfo_string46                 @ DW_AT_name
	.long	534                             @ DW_AT_type
	.byte	4                               @ DW_AT_decl_file
	.short	589                             @ DW_AT_decl_line
	.byte	48                              @ DW_AT_data_member_location
	.byte	12                              @ Abbrev [12] 0x2f5:0xd DW_TAG_member
	.long	.Linfo_string47                 @ DW_AT_name
	.long	534                             @ DW_AT_type
	.byte	4                               @ DW_AT_decl_file
	.short	590                             @ DW_AT_decl_line
	.byte	52                              @ DW_AT_data_member_location
	.byte	12                              @ Abbrev [12] 0x302:0xd DW_TAG_member
	.long	.Linfo_string48                 @ DW_AT_name
	.long	534                             @ DW_AT_type
	.byte	4                               @ DW_AT_decl_file
	.short	591                             @ DW_AT_decl_line
	.byte	56                              @ DW_AT_data_member_location
	.byte	12                              @ Abbrev [12] 0x30f:0xd DW_TAG_member
	.long	.Linfo_string49                 @ DW_AT_name
	.long	534                             @ DW_AT_type
	.byte	4                               @ DW_AT_decl_file
	.short	592                             @ DW_AT_decl_line
	.byte	60                              @ DW_AT_data_member_location
	.byte	12                              @ Abbrev [12] 0x31c:0xd DW_TAG_member
	.long	.Linfo_string50                 @ DW_AT_name
	.long	534                             @ DW_AT_type
	.byte	4                               @ DW_AT_decl_file
	.short	593                             @ DW_AT_decl_line
	.byte	64                              @ DW_AT_data_member_location
	.byte	12                              @ Abbrev [12] 0x329:0xd DW_TAG_member
	.long	.Linfo_string51                 @ DW_AT_name
	.long	534                             @ DW_AT_type
	.byte	4                               @ DW_AT_decl_file
	.short	594                             @ DW_AT_decl_line
	.byte	68                              @ DW_AT_data_member_location
	.byte	12                              @ Abbrev [12] 0x336:0xd DW_TAG_member
	.long	.Linfo_string52                 @ DW_AT_name
	.long	534                             @ DW_AT_type
	.byte	4                               @ DW_AT_decl_file
	.short	595                             @ DW_AT_decl_line
	.byte	72                              @ DW_AT_data_member_location
	.byte	12                              @ Abbrev [12] 0x343:0xd DW_TAG_member
	.long	.Linfo_string53                 @ DW_AT_name
	.long	534                             @ DW_AT_type
	.byte	4                               @ DW_AT_decl_file
	.short	596                             @ DW_AT_decl_line
	.byte	76                              @ DW_AT_data_member_location
	.byte	12                              @ Abbrev [12] 0x350:0xd DW_TAG_member
	.long	.Linfo_string54                 @ DW_AT_name
	.long	534                             @ DW_AT_type
	.byte	4                               @ DW_AT_decl_file
	.short	597                             @ DW_AT_decl_line
	.byte	80                              @ DW_AT_data_member_location
	.byte	12                              @ Abbrev [12] 0x35d:0xd DW_TAG_member
	.long	.Linfo_string55                 @ DW_AT_name
	.long	534                             @ DW_AT_type
	.byte	4                               @ DW_AT_decl_file
	.short	598                             @ DW_AT_decl_line
	.byte	84                              @ DW_AT_data_member_location
	.byte	12                              @ Abbrev [12] 0x36a:0xd DW_TAG_member
	.long	.Linfo_string56                 @ DW_AT_name
	.long	534                             @ DW_AT_type
	.byte	4                               @ DW_AT_decl_file
	.short	599                             @ DW_AT_decl_line
	.byte	88                              @ DW_AT_data_member_location
	.byte	12                              @ Abbrev [12] 0x377:0xd DW_TAG_member
	.long	.Linfo_string57                 @ DW_AT_name
	.long	534                             @ DW_AT_type
	.byte	4                               @ DW_AT_decl_file
	.short	600                             @ DW_AT_decl_line
	.byte	92                              @ DW_AT_data_member_location
	.byte	12                              @ Abbrev [12] 0x384:0xd DW_TAG_member
	.long	.Linfo_string58                 @ DW_AT_name
	.long	534                             @ DW_AT_type
	.byte	4                               @ DW_AT_decl_file
	.short	601                             @ DW_AT_decl_line
	.byte	96                              @ DW_AT_data_member_location
	.byte	12                              @ Abbrev [12] 0x391:0xd DW_TAG_member
	.long	.Linfo_string59                 @ DW_AT_name
	.long	534                             @ DW_AT_type
	.byte	4                               @ DW_AT_decl_file
	.short	602                             @ DW_AT_decl_line
	.byte	100                             @ DW_AT_data_member_location
	.byte	12                              @ Abbrev [12] 0x39e:0xd DW_TAG_member
	.long	.Linfo_string60                 @ DW_AT_name
	.long	534                             @ DW_AT_type
	.byte	4                               @ DW_AT_decl_file
	.short	603                             @ DW_AT_decl_line
	.byte	104                             @ DW_AT_data_member_location
	.byte	12                              @ Abbrev [12] 0x3ab:0xd DW_TAG_member
	.long	.Linfo_string61                 @ DW_AT_name
	.long	534                             @ DW_AT_type
	.byte	4                               @ DW_AT_decl_file
	.short	604                             @ DW_AT_decl_line
	.byte	108                             @ DW_AT_data_member_location
	.byte	12                              @ Abbrev [12] 0x3b8:0xd DW_TAG_member
	.long	.Linfo_string26                 @ DW_AT_name
	.long	556                             @ DW_AT_type
	.byte	4                               @ DW_AT_decl_file
	.short	605                             @ DW_AT_decl_line
	.byte	112                             @ DW_AT_data_member_location
	.byte	12                              @ Abbrev [12] 0x3c5:0xd DW_TAG_member
	.long	.Linfo_string62                 @ DW_AT_name
	.long	534                             @ DW_AT_type
	.byte	4                               @ DW_AT_decl_file
	.short	606                             @ DW_AT_decl_line
	.byte	120                             @ DW_AT_data_member_location
	.byte	12                              @ Abbrev [12] 0x3d2:0xd DW_TAG_member
	.long	.Linfo_string28                 @ DW_AT_name
	.long	1453                            @ DW_AT_type
	.byte	4                               @ DW_AT_decl_file
	.short	607                             @ DW_AT_decl_line
	.byte	124                             @ DW_AT_data_member_location
	.byte	12                              @ Abbrev [12] 0x3df:0xd DW_TAG_member
	.long	.Linfo_string63                 @ DW_AT_name
	.long	534                             @ DW_AT_type
	.byte	4                               @ DW_AT_decl_file
	.short	608                             @ DW_AT_decl_line
	.byte	192                             @ DW_AT_data_member_location
	.byte	12                              @ Abbrev [12] 0x3ec:0xd DW_TAG_member
	.long	.Linfo_string34                 @ DW_AT_name
	.long	539                             @ DW_AT_type
	.byte	4                               @ DW_AT_decl_file
	.short	609                             @ DW_AT_decl_line
	.byte	196                             @ DW_AT_data_member_location
	.byte	12                              @ Abbrev [12] 0x3f9:0xd DW_TAG_member
	.long	.Linfo_string64                 @ DW_AT_name
	.long	534                             @ DW_AT_type
	.byte	4                               @ DW_AT_decl_file
	.short	610                             @ DW_AT_decl_line
	.byte	208                             @ DW_AT_data_member_location
	.byte	12                              @ Abbrev [12] 0x406:0xd DW_TAG_member
	.long	.Linfo_string65                 @ DW_AT_name
	.long	551                             @ DW_AT_type
	.byte	4                               @ DW_AT_decl_file
	.short	611                             @ DW_AT_decl_line
	.byte	212                             @ DW_AT_data_member_location
	.byte	12                              @ Abbrev [12] 0x413:0xd DW_TAG_member
	.long	.Linfo_string66                 @ DW_AT_name
	.long	534                             @ DW_AT_type
	.byte	4                               @ DW_AT_decl_file
	.short	612                             @ DW_AT_decl_line
	.byte	216                             @ DW_AT_data_member_location
	.byte	12                              @ Abbrev [12] 0x420:0xd DW_TAG_member
	.long	.Linfo_string67                 @ DW_AT_name
	.long	534                             @ DW_AT_type
	.byte	4                               @ DW_AT_decl_file
	.short	613                             @ DW_AT_decl_line
	.byte	220                             @ DW_AT_data_member_location
	.byte	12                              @ Abbrev [12] 0x42d:0xd DW_TAG_member
	.long	.Linfo_string68                 @ DW_AT_name
	.long	534                             @ DW_AT_type
	.byte	4                               @ DW_AT_decl_file
	.short	614                             @ DW_AT_decl_line
	.byte	224                             @ DW_AT_data_member_location
	.byte	12                              @ Abbrev [12] 0x43a:0xd DW_TAG_member
	.long	.Linfo_string69                 @ DW_AT_name
	.long	551                             @ DW_AT_type
	.byte	4                               @ DW_AT_decl_file
	.short	615                             @ DW_AT_decl_line
	.byte	228                             @ DW_AT_data_member_location
	.byte	12                              @ Abbrev [12] 0x447:0xd DW_TAG_member
	.long	.Linfo_string70                 @ DW_AT_name
	.long	556                             @ DW_AT_type
	.byte	4                               @ DW_AT_decl_file
	.short	616                             @ DW_AT_decl_line
	.byte	232                             @ DW_AT_data_member_location
	.byte	12                              @ Abbrev [12] 0x454:0xd DW_TAG_member
	.long	.Linfo_string71                 @ DW_AT_name
	.long	534                             @ DW_AT_type
	.byte	4                               @ DW_AT_decl_file
	.short	617                             @ DW_AT_decl_line
	.byte	240                             @ DW_AT_data_member_location
	.byte	12                              @ Abbrev [12] 0x461:0xd DW_TAG_member
	.long	.Linfo_string72                 @ DW_AT_name
	.long	534                             @ DW_AT_type
	.byte	4                               @ DW_AT_decl_file
	.short	618                             @ DW_AT_decl_line
	.byte	244                             @ DW_AT_data_member_location
	.byte	12                              @ Abbrev [12] 0x46e:0xd DW_TAG_member
	.long	.Linfo_string73                 @ DW_AT_name
	.long	534                             @ DW_AT_type
	.byte	4                               @ DW_AT_decl_file
	.short	619                             @ DW_AT_decl_line
	.byte	248                             @ DW_AT_data_member_location
	.byte	12                              @ Abbrev [12] 0x47b:0xd DW_TAG_member
	.long	.Linfo_string74                 @ DW_AT_name
	.long	1441                            @ DW_AT_type
	.byte	4                               @ DW_AT_decl_file
	.short	620                             @ DW_AT_decl_line
	.byte	252                             @ DW_AT_data_member_location
	.byte	15                              @ Abbrev [15] 0x488:0xe DW_TAG_member
	.long	.Linfo_string75                 @ DW_AT_name
	.long	534                             @ DW_AT_type
	.byte	4                               @ DW_AT_decl_file
	.short	621                             @ DW_AT_decl_line
	.short	256                             @ DW_AT_data_member_location
	.byte	15                              @ Abbrev [15] 0x496:0xe DW_TAG_member
	.long	.Linfo_string76                 @ DW_AT_name
	.long	1465                            @ DW_AT_type
	.byte	4                               @ DW_AT_decl_file
	.short	622                             @ DW_AT_decl_line
	.short	260                             @ DW_AT_data_member_location
	.byte	15                              @ Abbrev [15] 0x4a4:0xe DW_TAG_member
	.long	.Linfo_string77                 @ DW_AT_name
	.long	534                             @ DW_AT_type
	.byte	4                               @ DW_AT_decl_file
	.short	623                             @ DW_AT_decl_line
	.short	280                             @ DW_AT_data_member_location
	.byte	15                              @ Abbrev [15] 0x4b2:0xe DW_TAG_member
	.long	.Linfo_string36                 @ DW_AT_name
	.long	1441                            @ DW_AT_type
	.byte	4                               @ DW_AT_decl_file
	.short	624                             @ DW_AT_decl_line
	.short	284                             @ DW_AT_data_member_location
	.byte	15                              @ Abbrev [15] 0x4c0:0xe DW_TAG_member
	.long	.Linfo_string78                 @ DW_AT_name
	.long	551                             @ DW_AT_type
	.byte	4                               @ DW_AT_decl_file
	.short	625                             @ DW_AT_decl_line
	.short	288                             @ DW_AT_data_member_location
	.byte	15                              @ Abbrev [15] 0x4ce:0xe DW_TAG_member
	.long	.Linfo_string79                 @ DW_AT_name
	.long	551                             @ DW_AT_type
	.byte	4                               @ DW_AT_decl_file
	.short	626                             @ DW_AT_decl_line
	.short	292                             @ DW_AT_data_member_location
	.byte	15                              @ Abbrev [15] 0x4dc:0xe DW_TAG_member
	.long	.Linfo_string80                 @ DW_AT_name
	.long	1477                            @ DW_AT_type
	.byte	4                               @ DW_AT_decl_file
	.short	627                             @ DW_AT_decl_line
	.short	296                             @ DW_AT_data_member_location
	.byte	15                              @ Abbrev [15] 0x4ea:0xe DW_TAG_member
	.long	.Linfo_string81                 @ DW_AT_name
	.long	551                             @ DW_AT_type
	.byte	4                               @ DW_AT_decl_file
	.short	628                             @ DW_AT_decl_line
	.short	312                             @ DW_AT_data_member_location
	.byte	15                              @ Abbrev [15] 0x4f8:0xe DW_TAG_member
	.long	.Linfo_string82                 @ DW_AT_name
	.long	1465                            @ DW_AT_type
	.byte	4                               @ DW_AT_decl_file
	.short	629                             @ DW_AT_decl_line
	.short	316                             @ DW_AT_data_member_location
	.byte	15                              @ Abbrev [15] 0x506:0xe DW_TAG_member
	.long	.Linfo_string83                 @ DW_AT_name
	.long	551                             @ DW_AT_type
	.byte	4                               @ DW_AT_decl_file
	.short	630                             @ DW_AT_decl_line
	.short	336                             @ DW_AT_data_member_location
	.byte	15                              @ Abbrev [15] 0x514:0xe DW_TAG_member
	.long	.Linfo_string84                 @ DW_AT_name
	.long	551                             @ DW_AT_type
	.byte	4                               @ DW_AT_decl_file
	.short	631                             @ DW_AT_decl_line
	.short	340                             @ DW_AT_data_member_location
	.byte	15                              @ Abbrev [15] 0x522:0xe DW_TAG_member
	.long	.Linfo_string85                 @ DW_AT_name
	.long	551                             @ DW_AT_type
	.byte	4                               @ DW_AT_decl_file
	.short	632                             @ DW_AT_decl_line
	.short	344                             @ DW_AT_data_member_location
	.byte	15                              @ Abbrev [15] 0x530:0xe DW_TAG_member
	.long	.Linfo_string86                 @ DW_AT_name
	.long	551                             @ DW_AT_type
	.byte	4                               @ DW_AT_decl_file
	.short	633                             @ DW_AT_decl_line
	.short	348                             @ DW_AT_data_member_location
	.byte	15                              @ Abbrev [15] 0x53e:0xe DW_TAG_member
	.long	.Linfo_string87                 @ DW_AT_name
	.long	534                             @ DW_AT_type
	.byte	4                               @ DW_AT_decl_file
	.short	634                             @ DW_AT_decl_line
	.short	352                             @ DW_AT_data_member_location
	.byte	15                              @ Abbrev [15] 0x54c:0xe DW_TAG_member
	.long	.Linfo_string88                 @ DW_AT_name
	.long	1489                            @ DW_AT_type
	.byte	4                               @ DW_AT_decl_file
	.short	635                             @ DW_AT_decl_line
	.short	356                             @ DW_AT_data_member_location
	.byte	15                              @ Abbrev [15] 0x55a:0xe DW_TAG_member
	.long	.Linfo_string89                 @ DW_AT_name
	.long	534                             @ DW_AT_type
	.byte	4                               @ DW_AT_decl_file
	.short	636                             @ DW_AT_decl_line
	.short	392                             @ DW_AT_data_member_location
	.byte	15                              @ Abbrev [15] 0x568:0xe DW_TAG_member
	.long	.Linfo_string90                 @ DW_AT_name
	.long	534                             @ DW_AT_type
	.byte	4                               @ DW_AT_decl_file
	.short	637                             @ DW_AT_decl_line
	.short	396                             @ DW_AT_data_member_location
	.byte	15                              @ Abbrev [15] 0x576:0xe DW_TAG_member
	.long	.Linfo_string91                 @ DW_AT_name
	.long	534                             @ DW_AT_type
	.byte	4                               @ DW_AT_decl_file
	.short	638                             @ DW_AT_decl_line
	.short	400                             @ DW_AT_data_member_location
	.byte	15                              @ Abbrev [15] 0x584:0xe DW_TAG_member
	.long	.Linfo_string92                 @ DW_AT_name
	.long	1501                            @ DW_AT_type
	.byte	4                               @ DW_AT_decl_file
	.short	639                             @ DW_AT_decl_line
	.short	404                             @ DW_AT_data_member_location
	.byte	15                              @ Abbrev [15] 0x592:0xe DW_TAG_member
	.long	.Linfo_string93                 @ DW_AT_name
	.long	534                             @ DW_AT_type
	.byte	4                               @ DW_AT_decl_file
	.short	640                             @ DW_AT_decl_line
	.short	492                             @ DW_AT_data_member_location
	.byte	0                               @ End Of Children Mark
	.byte	5                               @ Abbrev [5] 0x5a1:0xc DW_TAG_array_type
	.long	551                             @ DW_AT_type
	.byte	6                               @ Abbrev [6] 0x5a6:0x6 DW_TAG_subrange_type
	.long	141                             @ DW_AT_type
	.byte	1                               @ DW_AT_count
	.byte	0                               @ End Of Children Mark
	.byte	5                               @ Abbrev [5] 0x5ad:0xc DW_TAG_array_type
	.long	551                             @ DW_AT_type
	.byte	6                               @ Abbrev [6] 0x5b2:0x6 DW_TAG_subrange_type
	.long	141                             @ DW_AT_type
	.byte	17                              @ DW_AT_count
	.byte	0                               @ End Of Children Mark
	.byte	5                               @ Abbrev [5] 0x5b9:0xc DW_TAG_array_type
	.long	551                             @ DW_AT_type
	.byte	6                               @ Abbrev [6] 0x5be:0x6 DW_TAG_subrange_type
	.long	141                             @ DW_AT_type
	.byte	5                               @ DW_AT_count
	.byte	0                               @ End Of Children Mark
	.byte	5                               @ Abbrev [5] 0x5c5:0xc DW_TAG_array_type
	.long	551                             @ DW_AT_type
	.byte	6                               @ Abbrev [6] 0x5ca:0x6 DW_TAG_subrange_type
	.long	141                             @ DW_AT_type
	.byte	4                               @ DW_AT_count
	.byte	0                               @ End Of Children Mark
	.byte	5                               @ Abbrev [5] 0x5d1:0xc DW_TAG_array_type
	.long	551                             @ DW_AT_type
	.byte	6                               @ Abbrev [6] 0x5d6:0x6 DW_TAG_subrange_type
	.long	141                             @ DW_AT_type
	.byte	9                               @ DW_AT_count
	.byte	0                               @ End Of Children Mark
	.byte	5                               @ Abbrev [5] 0x5dd:0xc DW_TAG_array_type
	.long	551                             @ DW_AT_type
	.byte	6                               @ Abbrev [6] 0x5e2:0x6 DW_TAG_subrange_type
	.long	141                             @ DW_AT_type
	.byte	22                              @ DW_AT_count
	.byte	0                               @ End Of Children Mark
	.byte	16                              @ Abbrev [16] 0x5e9:0x3c DW_TAG_subprogram
	.long	.Lfunc_begin0                   @ DW_AT_low_pc
	.long	.Lfunc_end0-.Lfunc_begin0       @ DW_AT_high_pc
	.byte	1                               @ DW_AT_frame_base
	.byte	93
	.long	.Linfo_string95                 @ DW_AT_name
	.byte	2                               @ DW_AT_decl_file
	.byte	38                              @ DW_AT_decl_line
                                        @ DW_AT_prototyped
                                        @ DW_AT_external
	.byte	17                              @ Abbrev [17] 0x5fa:0xe DW_TAG_variable
	.byte	2                               @ DW_AT_location
	.byte	145
	.byte	12
	.long	.Linfo_string100                @ DW_AT_name
	.byte	2                               @ DW_AT_decl_file
	.byte	40                              @ DW_AT_decl_line
	.long	55                              @ DW_AT_type
	.byte	17                              @ Abbrev [17] 0x608:0xe DW_TAG_variable
	.byte	2                               @ DW_AT_location
	.byte	145
	.byte	8
	.long	.Linfo_string101                @ DW_AT_name
	.byte	2                               @ DW_AT_decl_file
	.byte	40                              @ DW_AT_decl_line
	.long	55                              @ DW_AT_type
	.byte	17                              @ Abbrev [17] 0x616:0xe DW_TAG_variable
	.byte	2                               @ DW_AT_location
	.byte	145
	.byte	4
	.long	.Linfo_string102                @ DW_AT_name
	.byte	2                               @ DW_AT_decl_file
	.byte	41                              @ DW_AT_decl_line
	.long	55                              @ DW_AT_type
	.byte	0                               @ End Of Children Mark
	.byte	18                              @ Abbrev [18] 0x625:0x80 DW_TAG_subprogram
	.long	.Lfunc_begin1                   @ DW_AT_low_pc
	.long	.Lfunc_end1-.Lfunc_begin1       @ DW_AT_high_pc
	.byte	1                               @ DW_AT_frame_base
	.byte	93
	.long	.Linfo_string96                 @ DW_AT_name
	.byte	5                               @ DW_AT_decl_file
	.short	461                             @ DW_AT_decl_line
                                        @ DW_AT_prototyped
	.long	55                              @ DW_AT_type
	.byte	19                              @ Abbrev [19] 0x63b:0xf DW_TAG_variable
	.byte	2                               @ DW_AT_location
	.byte	145
	.byte	28
	.long	.Linfo_string103                @ DW_AT_name
	.byte	5                               @ DW_AT_decl_file
	.short	463                             @ DW_AT_decl_line
	.long	55                              @ DW_AT_type
	.byte	19                              @ Abbrev [19] 0x64a:0xf DW_TAG_variable
	.byte	2                               @ DW_AT_location
	.byte	145
	.byte	24
	.long	.Linfo_string104                @ DW_AT_name
	.byte	5                               @ DW_AT_decl_file
	.short	464                             @ DW_AT_decl_line
	.long	55                              @ DW_AT_type
	.byte	19                              @ Abbrev [19] 0x659:0xf DW_TAG_variable
	.byte	2                               @ DW_AT_location
	.byte	145
	.byte	20
	.long	.Linfo_string105                @ DW_AT_name
	.byte	5                               @ DW_AT_decl_file
	.short	464                             @ DW_AT_decl_line
	.long	55                              @ DW_AT_type
	.byte	19                              @ Abbrev [19] 0x668:0xf DW_TAG_variable
	.byte	2                               @ DW_AT_location
	.byte	145
	.byte	16
	.long	.Linfo_string106                @ DW_AT_name
	.byte	5                               @ DW_AT_decl_file
	.short	464                             @ DW_AT_decl_line
	.long	55                              @ DW_AT_type
	.byte	19                              @ Abbrev [19] 0x677:0xf DW_TAG_variable
	.byte	2                               @ DW_AT_location
	.byte	145
	.byte	12
	.long	.Linfo_string107                @ DW_AT_name
	.byte	5                               @ DW_AT_decl_file
	.short	464                             @ DW_AT_decl_line
	.long	55                              @ DW_AT_type
	.byte	19                              @ Abbrev [19] 0x686:0xf DW_TAG_variable
	.byte	2                               @ DW_AT_location
	.byte	145
	.byte	8
	.long	.Linfo_string108                @ DW_AT_name
	.byte	5                               @ DW_AT_decl_file
	.short	465                             @ DW_AT_decl_line
	.long	1754                            @ DW_AT_type
	.byte	19                              @ Abbrev [19] 0x695:0xf DW_TAG_variable
	.byte	2                               @ DW_AT_location
	.byte	145
	.byte	4
	.long	.Linfo_string111                @ DW_AT_name
	.byte	5                               @ DW_AT_decl_file
	.short	466                             @ DW_AT_decl_line
	.long	55                              @ DW_AT_type
	.byte	0                               @ End Of Children Mark
	.byte	20                              @ Abbrev [20] 0x6a5:0x11 DW_TAG_subprogram
	.long	.Lfunc_begin2                   @ DW_AT_low_pc
	.long	.Lfunc_end2-.Lfunc_begin2       @ DW_AT_high_pc
	.byte	1                               @ DW_AT_frame_base
	.byte	93
	.long	.Linfo_string97                 @ DW_AT_name
	.byte	2                               @ DW_AT_decl_file
	.byte	77                              @ DW_AT_decl_line
                                        @ DW_AT_prototyped
                                        @ DW_AT_external
	.byte	21                              @ Abbrev [21] 0x6b6:0x12 DW_TAG_subprogram
	.long	.Lfunc_begin3                   @ DW_AT_low_pc
	.long	.Lfunc_end3-.Lfunc_begin3       @ DW_AT_high_pc
	.byte	1                               @ DW_AT_frame_base
	.byte	93
	.long	.Linfo_string98                 @ DW_AT_name
	.byte	6                               @ DW_AT_decl_file
	.short	1343                            @ DW_AT_decl_line
                                        @ DW_AT_prototyped
	.byte	21                              @ Abbrev [21] 0x6c8:0x12 DW_TAG_subprogram
	.long	.Lfunc_begin4                   @ DW_AT_low_pc
	.long	.Lfunc_end4-.Lfunc_begin4       @ DW_AT_high_pc
	.byte	1                               @ DW_AT_frame_base
	.byte	93
	.long	.Linfo_string99                 @ DW_AT_name
	.byte	6                               @ DW_AT_decl_file
	.short	1360                            @ DW_AT_decl_line
                                        @ DW_AT_prototyped
	.byte	5                               @ Abbrev [5] 0x6da:0xc DW_TAG_array_type
	.long	1766                            @ DW_AT_type
	.byte	6                               @ Abbrev [6] 0x6df:0x6 DW_TAG_subrange_type
	.long	141                             @ DW_AT_type
	.byte	4                               @ DW_AT_count
	.byte	0                               @ End Of Children Mark
	.byte	3                               @ Abbrev [3] 0x6e6:0xb DW_TAG_typedef
	.long	1777                            @ DW_AT_type
	.long	.Linfo_string110                @ DW_AT_name
	.byte	1                               @ DW_AT_decl_file
	.byte	62                              @ DW_AT_decl_line
	.byte	4                               @ Abbrev [4] 0x6f1:0x7 DW_TAG_base_type
	.long	.Linfo_string109                @ DW_AT_name
	.byte	8                               @ DW_AT_encoding
	.byte	1                               @ DW_AT_byte_size
	.byte	0                               @ End Of Children Mark
.Ldebug_info_end0:
	.section	.debug_ranges,"",%progbits
.Ldebug_ranges0:
	.long	.Lfunc_begin0
	.long	.Lfunc_end0
	.long	.Lfunc_begin1
	.long	.Lfunc_end1
	.long	.Lfunc_begin2
	.long	.Lfunc_end2
	.long	.Lfunc_begin3
	.long	.Lfunc_end3
	.long	.Lfunc_begin4
	.long	.Lfunc_end4
	.long	0
	.long	0
	.section	.debug_str,"MS",%progbits,1
.Linfo_string0:
	.asciz	"Component: Arm Compiler for Embedded 6.22 Tool: armclang [5ee92100]" @ string offset=0
.Linfo_string1:
	.asciz	"../../../../Library/Device/Nuvoton/M031/Source\\system_M031Series.c" @ string offset=68
.Linfo_string2:
	.asciz	"C:\\Users\\jcliu\\Downloads\\m032_cpp_cout_gpio_int_ac6\\SampleCode\\StdDriver\\CPP_IN_OUT\\KEIL" @ string offset=135
.Linfo_string3:
	.asciz	"SystemCoreClock"               @ string offset=224
.Linfo_string4:
	.asciz	"unsigned int"                  @ string offset=240
.Linfo_string5:
	.asciz	"uint32_t"                      @ string offset=253
.Linfo_string6:
	.asciz	"CyclesPerUs"                   @ string offset=262
.Linfo_string7:
	.asciz	"PllClock"                      @ string offset=274
.Linfo_string8:
	.asciz	"gau32ClkSrcTbl"                @ string offset=283
.Linfo_string9:
	.asciz	"__ARRAY_SIZE_TYPE__"           @ string offset=298
.Linfo_string10:
	.asciz	"PWRCTL"                        @ string offset=318
.Linfo_string11:
	.asciz	"AHBCLK"                        @ string offset=325
.Linfo_string12:
	.asciz	"APBCLK0"                       @ string offset=332
.Linfo_string13:
	.asciz	"APBCLK1"                       @ string offset=340
.Linfo_string14:
	.asciz	"CLKSEL0"                       @ string offset=348
.Linfo_string15:
	.asciz	"CLKSEL1"                       @ string offset=356
.Linfo_string16:
	.asciz	"CLKSEL2"                       @ string offset=364
.Linfo_string17:
	.asciz	"CLKSEL3"                       @ string offset=372
.Linfo_string18:
	.asciz	"CLKDIV0"                       @ string offset=380
.Linfo_string19:
	.asciz	"RESERVE0"                      @ string offset=388
.Linfo_string20:
	.asciz	"CLKDIV4"                       @ string offset=397
.Linfo_string21:
	.asciz	"PCLKDIV"                       @ string offset=405
.Linfo_string22:
	.asciz	"RESERVE1"                      @ string offset=413
.Linfo_string23:
	.asciz	"PLLCTL"                        @ string offset=422
.Linfo_string24:
	.asciz	"RESERVE2"                      @ string offset=429
.Linfo_string25:
	.asciz	"STATUS"                        @ string offset=438
.Linfo_string26:
	.asciz	"RESERVE3"                      @ string offset=445
.Linfo_string27:
	.asciz	"CLKOCTL"                       @ string offset=454
.Linfo_string28:
	.asciz	"RESERVE4"                      @ string offset=462
.Linfo_string29:
	.asciz	"CLKDCTL"                       @ string offset=471
.Linfo_string30:
	.asciz	"CLKDSTS"                       @ string offset=479
.Linfo_string31:
	.asciz	"CDUPB"                         @ string offset=487
.Linfo_string32:
	.asciz	"CDLOWB"                        @ string offset=493
.Linfo_string33:
	.asciz	"LDOCTL"                        @ string offset=500
.Linfo_string34:
	.asciz	"RESERVE5"                      @ string offset=507
.Linfo_string35:
	.asciz	"HXTFSEL"                       @ string offset=516
.Linfo_string36:
	.asciz	"RESERVE9"                      @ string offset=524
.Linfo_string37:
	.asciz	"TESTCLK"                       @ string offset=533
.Linfo_string38:
	.asciz	"CLK_T"                         @ string offset=541
.Linfo_string39:
	.asciz	"PDID"                          @ string offset=547
.Linfo_string40:
	.asciz	"RSTSTS"                        @ string offset=552
.Linfo_string41:
	.asciz	"IPRST0"                        @ string offset=559
.Linfo_string42:
	.asciz	"IPRST1"                        @ string offset=566
.Linfo_string43:
	.asciz	"IPRST2"                        @ string offset=573
.Linfo_string44:
	.asciz	"BODCTL"                        @ string offset=580
.Linfo_string45:
	.asciz	"PORCTL"                        @ string offset=587
.Linfo_string46:
	.asciz	"GPA_MFPL"                      @ string offset=594
.Linfo_string47:
	.asciz	"GPA_MFPH"                      @ string offset=603
.Linfo_string48:
	.asciz	"GPB_MFPL"                      @ string offset=612
.Linfo_string49:
	.asciz	"GPB_MFPH"                      @ string offset=621
.Linfo_string50:
	.asciz	"GPC_MFPL"                      @ string offset=630
.Linfo_string51:
	.asciz	"GPC_MFPH"                      @ string offset=639
.Linfo_string52:
	.asciz	"GPD_MFPL"                      @ string offset=648
.Linfo_string53:
	.asciz	"GPD_MFPH"                      @ string offset=657
.Linfo_string54:
	.asciz	"GPE_MFPL"                      @ string offset=666
.Linfo_string55:
	.asciz	"GPE_MFPH"                      @ string offset=675
.Linfo_string56:
	.asciz	"GPF_MFPL"                      @ string offset=684
.Linfo_string57:
	.asciz	"GPF_MFPH"                      @ string offset=693
.Linfo_string58:
	.asciz	"GPG_MFPL"                      @ string offset=702
.Linfo_string59:
	.asciz	"GPG_MFPH"                      @ string offset=711
.Linfo_string60:
	.asciz	"GPH_MFPL"                      @ string offset=720
.Linfo_string61:
	.asciz	"GPH_MFPH"                      @ string offset=729
.Linfo_string62:
	.asciz	"LPLDOCTL"                      @ string offset=738
.Linfo_string63:
	.asciz	"MODCTL"                        @ string offset=747
.Linfo_string64:
	.asciz	"SRAM_BISTCTL"                  @ string offset=754
.Linfo_string65:
	.asciz	"SRAM_BISTSTS"                  @ string offset=767
.Linfo_string66:
	.asciz	"SRAM_PARITY"                   @ string offset=780
.Linfo_string67:
	.asciz	"SRAM_INTCTL"                   @ string offset=792
.Linfo_string68:
	.asciz	"SRAM_STATUS"                   @ string offset=804
.Linfo_string69:
	.asciz	"SRAM_ERRADDR"                  @ string offset=816
.Linfo_string70:
	.asciz	"RESERVE6"                      @ string offset=829
.Linfo_string71:
	.asciz	"HIRCTRIMCTL"                   @ string offset=838
.Linfo_string72:
	.asciz	"HIRCTRIMIEN"                   @ string offset=850
.Linfo_string73:
	.asciz	"HIRCTRIMSTS"                   @ string offset=862
.Linfo_string74:
	.asciz	"RESERVE7"                      @ string offset=874
.Linfo_string75:
	.asciz	"REGLCTL"                       @ string offset=883
.Linfo_string76:
	.asciz	"RESERVE8"                      @ string offset=891
.Linfo_string77:
	.asciz	"HIRCADJ"                       @ string offset=900
.Linfo_string78:
	.asciz	"LDOTRIM"                       @ string offset=908
.Linfo_string79:
	.asciz	"LVR16TRIM"                     @ string offset=916
.Linfo_string80:
	.asciz	"RESERVE10"                     @ string offset=926
.Linfo_string81:
	.asciz	"LIRCT"                         @ string offset=936
.Linfo_string82:
	.asciz	"RESERVE11"                     @ string offset=942
.Linfo_string83:
	.asciz	"LVR17TRIM"                     @ string offset=952
.Linfo_string84:
	.asciz	"LVR20TRIM"                     @ string offset=962
.Linfo_string85:
	.asciz	"LVR25TRIM"                     @ string offset=972
.Linfo_string86:
	.asciz	"uLDOVITRIM"                    @ string offset=982
.Linfo_string87:
	.asciz	"LVRITRIMSEL"                   @ string offset=993
.Linfo_string88:
	.asciz	"RESERVE12"                     @ string offset=1005
.Linfo_string89:
	.asciz	"HIRCTCTL"                      @ string offset=1015
.Linfo_string90:
	.asciz	"ADCCHIP"                       @ string offset=1024
.Linfo_string91:
	.asciz	"HXTTCTL"                       @ string offset=1032
.Linfo_string92:
	.asciz	"RESERVE13"                     @ string offset=1040
.Linfo_string93:
	.asciz	"PORDISAN"                      @ string offset=1050
.Linfo_string94:
	.asciz	"SYS_T"                         @ string offset=1059
.Linfo_string95:
	.asciz	"SystemCoreClockUpdate"         @ string offset=1065
.Linfo_string96:
	.asciz	"CLK_GetPLLClockFreq"           @ string offset=1087
.Linfo_string97:
	.asciz	"SystemInit"                    @ string offset=1107
.Linfo_string98:
	.asciz	"SYS_UnlockReg"                 @ string offset=1118
.Linfo_string99:
	.asciz	"SYS_LockReg"                   @ string offset=1132
.Linfo_string100:
	.asciz	"u32Freq"                       @ string offset=1144
.Linfo_string101:
	.asciz	"u32ClkSrc"                     @ string offset=1152
.Linfo_string102:
	.asciz	"u32HclkDiv"                    @ string offset=1162
.Linfo_string103:
	.asciz	"u32PllFreq"                    @ string offset=1173
.Linfo_string104:
	.asciz	"u32FIN"                        @ string offset=1184
.Linfo_string105:
	.asciz	"u32NF"                         @ string offset=1191
.Linfo_string106:
	.asciz	"u32NR"                         @ string offset=1197
.Linfo_string107:
	.asciz	"u32NO"                         @ string offset=1203
.Linfo_string108:
	.asciz	"au8NoTbl"                      @ string offset=1209
.Linfo_string109:
	.asciz	"unsigned char"                 @ string offset=1218
.Linfo_string110:
	.asciz	"uint8_t"                       @ string offset=1232
.Linfo_string111:
	.asciz	"u32Reg"                        @ string offset=1240
	.ident	"Component: Arm Compiler for Embedded 6.22 Tool: armclang [5ee92100]"
	.section	".note.GNU-stack","",%progbits
	.eabi_attribute	30, 6	@ Tag_ABI_optimization_goals
	.ARM_attribute	16, 1	@ Tag_AV_eba
	.section	.debug_line,"",%progbits
.Lline_table_start0:
